Warning: you requested the nanomsg event logger, but bmv2 was compiled without -DBMELOG, and the event logger cannot be activated
Calling target program-options parser
[15:34:16.480] [bmv2] [D] [thread 175567] Set default default entry for table 'MyIngress.ipv4_lpm': NoAction - 
[15:34:16.480] [bmv2] [D] [thread 175567] Set default default entry for table 'MyIngress.FEC_tbl': NoAction - 
[15:34:16.480] [bmv2] [D] [thread 175567] Set default default entry for table 'tbl_stacked235': stacked235 - 
[15:34:16.480] [bmv2] [D] [thread 175567] Set default default entry for table 'MyIngress.sr_tbl': NoAction - 
Adding interface s2-eth1 as port 1
[15:34:16.487] [bmv2] [D] [thread 175567] Adding interface s2-eth1 as port 1
Adding interface s2-eth2 as port 2
[15:34:17.333] [bmv2] [D] [thread 175567] Adding interface s2-eth2 as port 2
[15:34:18.338] [bmv2] [I] [thread 175567] Starting Thrift server on port 9091
[15:34:18.339] [bmv2] [I] [thread 175567] Thrift server was started
[15:34:18.342] [bmv2] [D] [thread 175573] [0.0] [cxt 0] Processing packet received on port 1
[15:34:18.342] [bmv2] [D] [thread 175573] [0.0] [cxt 0] Parser 'parser': start
[15:34:18.342] [bmv2] [D] [thread 175573] [0.0] [cxt 0] Parser 'parser' entering state 'start'
[15:34:18.342] [bmv2] [D] [thread 175573] [0.0] [cxt 0] Extracting header 'ethernet'
[15:34:18.342] [bmv2] [D] [thread 175573] [0.0] [cxt 0] Parser state 'start': key is 86dd
[15:34:18.342] [bmv2] [T] [thread 175573] [0.0] [cxt 0] Bytes parsed: 14
[15:34:18.342] [bmv2] [D] [thread 175573] [0.0] [cxt 0] Parser 'parser': end
[15:34:18.342] [bmv2] [D] [thread 175573] [0.0] [cxt 0] Pipeline 'ingress': start
[15:34:18.342] [bmv2] [T] [thread 175573] [0.0] [cxt 0] /home/vboxuser/p4-utils/p4-learning/exercises/04-MPLS/thrift/mpls_stacked/solution/stacked.p4(249) Condition "hdr.ipv4.isValid()" (node_2) is false
[15:34:18.342] [bmv2] [T] [thread 175573] [0.0] [cxt 0] /home/vboxuser/p4-utils/p4-learning/exercises/04-MPLS/thrift/mpls_stacked/solution/stacked.p4(258) Condition "hdr.sr[0].isValid()" (node_5) is false
[15:34:18.342] [bmv2] [D] [thread 175573] [0.0] [cxt 0] Pipeline 'ingress': end
[15:34:18.342] [bmv2] [D] [thread 175573] [0.0] [cxt 0] Egress port is 0
[15:34:18.342] [bmv2] [D] [thread 175573] [1.0] [cxt 0] Processing packet received on port 1
[15:34:18.342] [bmv2] [D] [thread 175573] [1.0] [cxt 0] Parser 'parser': start
[15:34:18.342] [bmv2] [D] [thread 175573] [1.0] [cxt 0] Parser 'parser' entering state 'start'
[15:34:18.342] [bmv2] [D] [thread 175573] [1.0] [cxt 0] Extracting header 'ethernet'
[15:34:18.342] [bmv2] [D] [thread 175573] [1.0] [cxt 0] Parser state 'start': key is 86dd
[15:34:18.342] [bmv2] [T] [thread 175573] [1.0] [cxt 0] Bytes parsed: 14
[15:34:18.342] [bmv2] [D] [thread 175573] [1.0] [cxt 0] Parser 'parser': end
[15:34:18.342] [bmv2] [D] [thread 175573] [1.0] [cxt 0] Pipeline 'ingress': start
[15:34:18.342] [bmv2] [T] [thread 175573] [1.0] [cxt 0] /home/vboxuser/p4-utils/p4-learning/exercises/04-MPLS/thrift/mpls_stacked/solution/stacked.p4(249) Condition "hdr.ipv4.isValid()" (node_2) is false
[15:34:18.343] [bmv2] [T] [thread 175573] [1.0] [cxt 0] /home/vboxuser/p4-utils/p4-learning/exercises/04-MPLS/thrift/mpls_stacked/solution/stacked.p4(258) Condition "hdr.sr[0].isValid()" (node_5) is false
[15:34:18.343] [bmv2] [D] [thread 175573] [1.0] [cxt 0] Pipeline 'ingress': end
[15:34:18.343] [bmv2] [D] [thread 175573] [1.0] [cxt 0] Egress port is 0
[15:34:18.343] [bmv2] [D] [thread 175573] [2.0] [cxt 0] Processing packet received on port 1
[15:34:18.343] [bmv2] [D] [thread 175573] [2.0] [cxt 0] Parser 'parser': start
[15:34:18.343] [bmv2] [D] [thread 175573] [2.0] [cxt 0] Parser 'parser' entering state 'start'
[15:34:18.343] [bmv2] [D] [thread 175573] [2.0] [cxt 0] Extracting header 'ethernet'
[15:34:18.343] [bmv2] [D] [thread 175573] [2.0] [cxt 0] Parser state 'start': key is 86dd
[15:34:18.343] [bmv2] [T] [thread 175573] [2.0] [cxt 0] Bytes parsed: 14
[15:34:18.343] [bmv2] [D] [thread 175573] [2.0] [cxt 0] Parser 'parser': end
[15:34:18.343] [bmv2] [D] [thread 175573] [2.0] [cxt 0] Pipeline 'ingress': start
[15:34:18.343] [bmv2] [T] [thread 175573] [2.0] [cxt 0] /home/vboxuser/p4-utils/p4-learning/exercises/04-MPLS/thrift/mpls_stacked/solution/stacked.p4(249) Condition "hdr.ipv4.isValid()" (node_2) is false
[15:34:18.343] [bmv2] [T] [thread 175573] [2.0] [cxt 0] /home/vboxuser/p4-utils/p4-learning/exercises/04-MPLS/thrift/mpls_stacked/solution/stacked.p4(258) Condition "hdr.sr[0].isValid()" (node_5) is false
[15:34:18.343] [bmv2] [D] [thread 175573] [2.0] [cxt 0] Pipeline 'ingress': end
[15:34:18.343] [bmv2] [D] [thread 175573] [2.0] [cxt 0] Egress port is 0
[15:34:18.343] [bmv2] [D] [thread 175573] [3.0] [cxt 0] Processing packet received on port 1
[15:34:18.343] [bmv2] [D] [thread 175573] [3.0] [cxt 0] Parser 'parser': start
[15:34:18.343] [bmv2] [D] [thread 175573] [3.0] [cxt 0] Parser 'parser' entering state 'start'
[15:34:18.343] [bmv2] [D] [thread 175573] [3.0] [cxt 0] Extracting header 'ethernet'
[15:34:18.343] [bmv2] [D] [thread 175573] [3.0] [cxt 0] Parser state 'start': key is 86dd
[15:34:18.343] [bmv2] [T] [thread 175573] [3.0] [cxt 0] Bytes parsed: 14
[15:34:18.343] [bmv2] [D] [thread 175573] [3.0] [cxt 0] Parser 'parser': end
[15:34:18.343] [bmv2] [D] [thread 175573] [3.0] [cxt 0] Pipeline 'ingress': start
[15:34:18.343] [bmv2] [T] [thread 175573] [3.0] [cxt 0] /home/vboxuser/p4-utils/p4-learning/exercises/04-MPLS/thrift/mpls_stacked/solution/stacked.p4(249) Condition "hdr.ipv4.isValid()" (node_2) is false
[15:34:18.343] [bmv2] [T] [thread 175573] [3.0] [cxt 0] /home/vboxuser/p4-utils/p4-learning/exercises/04-MPLS/thrift/mpls_stacked/solution/stacked.p4(258) Condition "hdr.sr[0].isValid()" (node_5) is false
[15:34:18.343] [bmv2] [D] [thread 175573] [3.0] [cxt 0] Pipeline 'ingress': end
[15:34:18.343] [bmv2] [D] [thread 175573] [3.0] [cxt 0] Egress port is 0
[15:34:18.343] [bmv2] [D] [thread 175574] [0.0] [cxt 0] Pipeline 'egress': start
[15:34:18.343] [bmv2] [D] [thread 175574] [0.0] [cxt 0] Pipeline 'egress': end
[15:34:18.343] [bmv2] [D] [thread 175574] [0.0] [cxt 0] Deparser 'deparser': start
[15:34:18.343] [bmv2] [T] [thread 175574] [0.0] [cxt 0] Skipping checksum 'cksum' update because condition not met
[15:34:18.343] [bmv2] [D] [thread 175574] [0.0] [cxt 0] Deparsing header 'ethernet'
[15:34:18.343] [bmv2] [D] [thread 175574] [0.0] [cxt 0] Deparser 'deparser': end
[15:34:18.343] [bmv2] [D] [thread 175574] [1.0] [cxt 0] Pipeline 'egress': start
[15:34:18.343] [bmv2] [D] [thread 175574] [1.0] [cxt 0] Pipeline 'egress': end
[15:34:18.343] [bmv2] [D] [thread 175574] [1.0] [cxt 0] Deparser 'deparser': start
[15:34:18.343] [bmv2] [T] [thread 175574] [1.0] [cxt 0] Skipping checksum 'cksum' update because condition not met
[15:34:18.343] [bmv2] [D] [thread 175574] [1.0] [cxt 0] Deparsing header 'ethernet'
[15:34:18.343] [bmv2] [D] [thread 175574] [1.0] [cxt 0] Deparser 'deparser': end
[15:34:18.343] [bmv2] [D] [thread 175574] [2.0] [cxt 0] Pipeline 'egress': start
[15:34:18.343] [bmv2] [D] [thread 175574] [2.0] [cxt 0] Pipeline 'egress': end
[15:34:18.343] [bmv2] [D] [thread 175574] [2.0] [cxt 0] Deparser 'deparser': start
[15:34:18.343] [bmv2] [T] [thread 175574] [2.0] [cxt 0] Skipping checksum 'cksum' update because condition not met
[15:34:18.343] [bmv2] [D] [thread 175574] [2.0] [cxt 0] Deparsing header 'ethernet'
[15:34:18.343] [bmv2] [D] [thread 175574] [2.0] [cxt 0] Deparser 'deparser': end
[15:34:18.343] [bmv2] [D] [thread 175574] [3.0] [cxt 0] Pipeline 'egress': start
[15:34:18.343] [bmv2] [D] [thread 175574] [3.0] [cxt 0] Pipeline 'egress': end
[15:34:18.343] [bmv2] [D] [thread 175574] [3.0] [cxt 0] Deparser 'deparser': start
[15:34:18.343] [bmv2] [T] [thread 175574] [3.0] [cxt 0] Skipping checksum 'cksum' update because condition not met
[15:34:18.343] [bmv2] [D] [thread 175574] [3.0] [cxt 0] Deparsing header 'ethernet'
[15:34:18.343] [bmv2] [D] [thread 175574] [3.0] [cxt 0] Deparser 'deparser': end
[15:34:18.343] [bmv2] [D] [thread 175578] [0.0] [cxt 0] Transmitting packet of size 217 out of port 0
[15:34:18.343] [bmv2] [D] [thread 175578] [1.0] [cxt 0] Transmitting packet of size 217 out of port 0
[15:34:18.343] [bmv2] [D] [thread 175578] [2.0] [cxt 0] Transmitting packet of size 221 out of port 0
[15:34:18.343] [bmv2] [D] [thread 175578] [3.0] [cxt 0] Transmitting packet of size 205 out of port 0
[15:34:19.335] [bmv2] [D] [thread 175573] [4.0] [cxt 0] Processing packet received on port 1
[15:34:19.335] [bmv2] [D] [thread 175573] [4.0] [cxt 0] Parser 'parser': start
[15:34:19.335] [bmv2] [D] [thread 175573] [4.0] [cxt 0] Parser 'parser' entering state 'start'
[15:34:19.335] [bmv2] [D] [thread 175573] [4.0] [cxt 0] Extracting header 'ethernet'
[15:34:19.335] [bmv2] [D] [thread 175573] [4.0] [cxt 0] Parser state 'start': key is 86dd
[15:34:19.335] [bmv2] [T] [thread 175573] [4.0] [cxt 0] Bytes parsed: 14
[15:34:19.335] [bmv2] [D] [thread 175573] [4.0] [cxt 0] Parser 'parser': end
[15:34:19.335] [bmv2] [D] [thread 175573] [4.0] [cxt 0] Pipeline 'ingress': start
[15:34:19.335] [bmv2] [T] [thread 175573] [4.0] [cxt 0] /home/vboxuser/p4-utils/p4-learning/exercises/04-MPLS/thrift/mpls_stacked/solution/stacked.p4(249) Condition "hdr.ipv4.isValid()" (node_2) is false
[15:34:19.335] [bmv2] [T] [thread 175573] [4.0] [cxt 0] /home/vboxuser/p4-utils/p4-learning/exercises/04-MPLS/thrift/mpls_stacked/solution/stacked.p4(258) Condition "hdr.sr[0].isValid()" (node_5) is false
[15:34:19.335] [bmv2] [D] [thread 175573] [4.0] [cxt 0] Pipeline 'ingress': end
[15:34:19.335] [bmv2] [D] [thread 175573] [4.0] [cxt 0] Egress port is 0
[15:34:19.335] [bmv2] [D] [thread 175573] [5.0] [cxt 0] Processing packet received on port 2
[15:34:19.335] [bmv2] [D] [thread 175573] [5.0] [cxt 0] Parser 'parser': start
[15:34:19.335] [bmv2] [D] [thread 175573] [5.0] [cxt 0] Parser 'parser' entering state 'start'
[15:34:19.335] [bmv2] [D] [thread 175573] [5.0] [cxt 0] Extracting header 'ethernet'
[15:34:19.335] [bmv2] [D] [thread 175573] [5.0] [cxt 0] Parser state 'start': key is 86dd
[15:34:19.335] [bmv2] [T] [thread 175573] [5.0] [cxt 0] Bytes parsed: 14
[15:34:19.335] [bmv2] [D] [thread 175573] [5.0] [cxt 0] Parser 'parser': end
[15:34:19.335] [bmv2] [D] [thread 175573] [5.0] [cxt 0] Pipeline 'ingress': start
[15:34:19.335] [bmv2] [T] [thread 175573] [5.0] [cxt 0] /home/vboxuser/p4-utils/p4-learning/exercises/04-MPLS/thrift/mpls_stacked/solution/stacked.p4(249) Condition "hdr.ipv4.isValid()" (node_2) is false
[15:34:19.335] [bmv2] [T] [thread 175573] [5.0] [cxt 0] /home/vboxuser/p4-utils/p4-learning/exercises/04-MPLS/thrift/mpls_stacked/solution/stacked.p4(258) Condition "hdr.sr[0].isValid()" (node_5) is false
[15:34:19.335] [bmv2] [D] [thread 175573] [5.0] [cxt 0] Pipeline 'ingress': end
[15:34:19.335] [bmv2] [D] [thread 175573] [5.0] [cxt 0] Egress port is 0
[15:34:19.335] [bmv2] [D] [thread 175573] [6.0] [cxt 0] Processing packet received on port 1
[15:34:19.335] [bmv2] [D] [thread 175573] [6.0] [cxt 0] Parser 'parser': start
[15:34:19.335] [bmv2] [D] [thread 175573] [6.0] [cxt 0] Parser 'parser' entering state 'start'
[15:34:19.335] [bmv2] [D] [thread 175573] [6.0] [cxt 0] Extracting header 'ethernet'
[15:34:19.336] [bmv2] [D] [thread 175573] [6.0] [cxt 0] Parser state 'start': key is 86dd
[15:34:19.336] [bmv2] [T] [thread 175573] [6.0] [cxt 0] Bytes parsed: 14
[15:34:19.336] [bmv2] [D] [thread 175573] [6.0] [cxt 0] Parser 'parser': end
[15:34:19.336] [bmv2] [D] [thread 175573] [6.0] [cxt 0] Pipeline 'ingress': start
[15:34:19.336] [bmv2] [T] [thread 175573] [6.0] [cxt 0] /home/vboxuser/p4-utils/p4-learning/exercises/04-MPLS/thrift/mpls_stacked/solution/stacked.p4(249) Condition "hdr.ipv4.isValid()" (node_2) is false
[15:34:19.336] [bmv2] [T] [thread 175573] [6.0] [cxt 0] /home/vboxuser/p4-utils/p4-learning/exercises/04-MPLS/thrift/mpls_stacked/solution/stacked.p4(258) Condition "hdr.sr[0].isValid()" (node_5) is false
[15:34:19.336] [bmv2] [D] [thread 175573] [6.0] [cxt 0] Pipeline 'ingress': end
[15:34:19.336] [bmv2] [D] [thread 175573] [6.0] [cxt 0] Egress port is 0
[15:34:19.336] [bmv2] [D] [thread 175573] [7.0] [cxt 0] Processing packet received on port 2
[15:34:19.336] [bmv2] [D] [thread 175573] [7.0] [cxt 0] Parser 'parser': start
[15:34:19.336] [bmv2] [D] [thread 175573] [7.0] [cxt 0] Parser 'parser' entering state 'start'
[15:34:19.336] [bmv2] [D] [thread 175573] [7.0] [cxt 0] Extracting header 'ethernet'
[15:34:19.336] [bmv2] [D] [thread 175573] [7.0] [cxt 0] Parser state 'start': key is 86dd
[15:34:19.336] [bmv2] [T] [thread 175573] [7.0] [cxt 0] Bytes parsed: 14
[15:34:19.336] [bmv2] [D] [thread 175573] [7.0] [cxt 0] Parser 'parser': end
[15:34:19.336] [bmv2] [D] [thread 175573] [7.0] [cxt 0] Pipeline 'ingress': start
[15:34:19.336] [bmv2] [T] [thread 175573] [7.0] [cxt 0] /home/vboxuser/p4-utils/p4-learning/exercises/04-MPLS/thrift/mpls_stacked/solution/stacked.p4(249) Condition "hdr.ipv4.isValid()" (node_2) is false
[15:34:19.336] [bmv2] [T] [thread 175573] [7.0] [cxt 0] /home/vboxuser/p4-utils/p4-learning/exercises/04-MPLS/thrift/mpls_stacked/solution/stacked.p4(258) Condition "hdr.sr[0].isValid()" (node_5) is false
[15:34:19.336] [bmv2] [D] [thread 175573] [7.0] [cxt 0] Pipeline 'ingress': end
[15:34:19.336] [bmv2] [D] [thread 175573] [7.0] [cxt 0] Egress port is 0
[15:34:19.336] [bmv2] [D] [thread 175574] [4.0] [cxt 0] Pipeline 'egress': start
[15:34:19.336] [bmv2] [D] [thread 175574] [4.0] [cxt 0] Pipeline 'egress': end
[15:34:19.336] [bmv2] [D] [thread 175574] [4.0] [cxt 0] Deparser 'deparser': start
[15:34:19.336] [bmv2] [T] [thread 175574] [4.0] [cxt 0] Skipping checksum 'cksum' update because condition not met
[15:34:19.336] [bmv2] [D] [thread 175574] [4.0] [cxt 0] Deparsing header 'ethernet'
[15:34:19.336] [bmv2] [D] [thread 175574] [4.0] [cxt 0] Deparser 'deparser': end
[15:34:19.336] [bmv2] [D] [thread 175574] [5.0] [cxt 0] Pipeline 'egress': start
[15:34:19.336] [bmv2] [D] [thread 175574] [5.0] [cxt 0] Pipeline 'egress': end
[15:34:19.336] [bmv2] [D] [thread 175574] [5.0] [cxt 0] Deparser 'deparser': start
[15:34:19.336] [bmv2] [T] [thread 175574] [5.0] [cxt 0] Skipping checksum 'cksum' update because condition not met
[15:34:19.336] [bmv2] [D] [thread 175574] [5.0] [cxt 0] Deparsing header 'ethernet'
[15:34:19.336] [bmv2] [D] [thread 175574] [5.0] [cxt 0] Deparser 'deparser': end
[15:34:19.336] [bmv2] [D] [thread 175574] [6.0] [cxt 0] Pipeline 'egress': start
[15:34:19.336] [bmv2] [D] [thread 175574] [6.0] [cxt 0] Pipeline 'egress': end
[15:34:19.336] [bmv2] [D] [thread 175574] [6.0] [cxt 0] Deparser 'deparser': start
[15:34:19.336] [bmv2] [T] [thread 175574] [6.0] [cxt 0] Skipping checksum 'cksum' update because condition not met
[15:34:19.336] [bmv2] [D] [thread 175574] [6.0] [cxt 0] Deparsing header 'ethernet'
[15:34:19.336] [bmv2] [D] [thread 175574] [6.0] [cxt 0] Deparser 'deparser': end
[15:34:19.336] [bmv2] [D] [thread 175574] [7.0] [cxt 0] Pipeline 'egress': start
[15:34:19.336] [bmv2] [D] [thread 175574] [7.0] [cxt 0] Pipeline 'egress': end
[15:34:19.336] [bmv2] [D] [thread 175574] [7.0] [cxt 0] Deparser 'deparser': start
[15:34:19.336] [bmv2] [T] [thread 175574] [7.0] [cxt 0] Skipping checksum 'cksum' update because condition not met
[15:34:19.336] [bmv2] [D] [thread 175574] [7.0] [cxt 0] Deparsing header 'ethernet'
[15:34:19.336] [bmv2] [D] [thread 175574] [7.0] [cxt 0] Deparser 'deparser': end
[15:34:19.336] [bmv2] [D] [thread 175578] [4.0] [cxt 0] Transmitting packet of size 70 out of port 0
[15:34:19.336] [bmv2] [D] [thread 175578] [5.0] [cxt 0] Transmitting packet of size 205 out of port 0
[15:34:19.336] [bmv2] [D] [thread 175578] [6.0] [cxt 0] Transmitting packet of size 205 out of port 0
[15:34:19.336] [bmv2] [D] [thread 175578] [7.0] [cxt 0] Transmitting packet of size 205 out of port 0
[15:34:19.362] [bmv2] [D] [thread 175573] [8.0] [cxt 0] Processing packet received on port 1
[15:34:19.362] [bmv2] [D] [thread 175573] [8.0] [cxt 0] Parser 'parser': start
[15:34:19.362] [bmv2] [D] [thread 175573] [8.0] [cxt 0] Parser 'parser' entering state 'start'
[15:34:19.362] [bmv2] [D] [thread 175573] [8.0] [cxt 0] Extracting header 'ethernet'
[15:34:19.362] [bmv2] [D] [thread 175573] [8.0] [cxt 0] Parser state 'start': key is 86dd
[15:34:19.362] [bmv2] [T] [thread 175573] [8.0] [cxt 0] Bytes parsed: 14
[15:34:19.362] [bmv2] [D] [thread 175573] [8.0] [cxt 0] Parser 'parser': end
[15:34:19.362] [bmv2] [D] [thread 175573] [8.0] [cxt 0] Pipeline 'ingress': start
[15:34:19.362] [bmv2] [T] [thread 175573] [8.0] [cxt 0] /home/vboxuser/p4-utils/p4-learning/exercises/04-MPLS/thrift/mpls_stacked/solution/stacked.p4(249) Condition "hdr.ipv4.isValid()" (node_2) is false
[15:34:19.362] [bmv2] [T] [thread 175573] [8.0] [cxt 0] /home/vboxuser/p4-utils/p4-learning/exercises/04-MPLS/thrift/mpls_stacked/solution/stacked.p4(258) Condition "hdr.sr[0].isValid()" (node_5) is false
[15:34:19.362] [bmv2] [D] [thread 175573] [8.0] [cxt 0] Pipeline 'ingress': end
[15:34:19.362] [bmv2] [D] [thread 175573] [8.0] [cxt 0] Egress port is 0
[15:34:19.362] [bmv2] [D] [thread 175574] [8.0] [cxt 0] Pipeline 'egress': start
[15:34:19.362] [bmv2] [D] [thread 175574] [8.0] [cxt 0] Pipeline 'egress': end
[15:34:19.362] [bmv2] [D] [thread 175574] [8.0] [cxt 0] Deparser 'deparser': start
[15:34:19.362] [bmv2] [T] [thread 175574] [8.0] [cxt 0] Skipping checksum 'cksum' update because condition not met
[15:34:19.362] [bmv2] [D] [thread 175574] [8.0] [cxt 0] Deparsing header 'ethernet'
[15:34:19.362] [bmv2] [D] [thread 175574] [8.0] [cxt 0] Deparser 'deparser': end
[15:34:19.362] [bmv2] [D] [thread 175578] [8.0] [cxt 0] Transmitting packet of size 205 out of port 0
[15:34:19.451] [bmv2] [D] [thread 175573] [9.0] [cxt 0] Processing packet received on port 1
[15:34:19.451] [bmv2] [D] [thread 175573] [9.0] [cxt 0] Parser 'parser': start
[15:34:19.451] [bmv2] [D] [thread 175573] [9.0] [cxt 0] Parser 'parser' entering state 'start'
[15:34:19.451] [bmv2] [D] [thread 175573] [9.0] [cxt 0] Extracting header 'ethernet'
[15:34:19.451] [bmv2] [D] [thread 175573] [9.0] [cxt 0] Parser state 'start': key is 86dd
[15:34:19.451] [bmv2] [T] [thread 175573] [9.0] [cxt 0] Bytes parsed: 14
[15:34:19.451] [bmv2] [D] [thread 175573] [9.0] [cxt 0] Parser 'parser': end
[15:34:19.451] [bmv2] [D] [thread 175573] [9.0] [cxt 0] Pipeline 'ingress': start
[15:34:19.452] [bmv2] [T] [thread 175573] [9.0] [cxt 0] /home/vboxuser/p4-utils/p4-learning/exercises/04-MPLS/thrift/mpls_stacked/solution/stacked.p4(249) Condition "hdr.ipv4.isValid()" (node_2) is false
[15:34:19.452] [bmv2] [T] [thread 175573] [9.0] [cxt 0] /home/vboxuser/p4-utils/p4-learning/exercises/04-MPLS/thrift/mpls_stacked/solution/stacked.p4(258) Condition "hdr.sr[0].isValid()" (node_5) is false
[15:34:19.452] [bmv2] [D] [thread 175573] [9.0] [cxt 0] Pipeline 'ingress': end
[15:34:19.452] [bmv2] [D] [thread 175573] [9.0] [cxt 0] Egress port is 0
[15:34:19.452] [bmv2] [D] [thread 175573] [10.0] [cxt 0] Processing packet received on port 2
[15:34:19.452] [bmv2] [D] [thread 175573] [10.0] [cxt 0] Parser 'parser': start
[15:34:19.452] [bmv2] [D] [thread 175573] [10.0] [cxt 0] Parser 'parser' entering state 'start'
[15:34:19.452] [bmv2] [D] [thread 175573] [10.0] [cxt 0] Extracting header 'ethernet'
[15:34:19.452] [bmv2] [D] [thread 175573] [10.0] [cxt 0] Parser state 'start': key is 86dd
[15:34:19.452] [bmv2] [T] [thread 175573] [10.0] [cxt 0] Bytes parsed: 14
[15:34:19.452] [bmv2] [D] [thread 175573] [10.0] [cxt 0] Parser 'parser': end
[15:34:19.452] [bmv2] [D] [thread 175573] [10.0] [cxt 0] Pipeline 'ingress': start
[15:34:19.452] [bmv2] [T] [thread 175573] [10.0] [cxt 0] /home/vboxuser/p4-utils/p4-learning/exercises/04-MPLS/thrift/mpls_stacked/solution/stacked.p4(249) Condition "hdr.ipv4.isValid()" (node_2) is false
[15:34:19.452] [bmv2] [T] [thread 175573] [10.0] [cxt 0] /home/vboxuser/p4-utils/p4-learning/exercises/04-MPLS/thrift/mpls_stacked/solution/stacked.p4(258) Condition "hdr.sr[0].isValid()" (node_5) is false
[15:34:19.452] [bmv2] [D] [thread 175573] [10.0] [cxt 0] Pipeline 'ingress': end
[15:34:19.452] [bmv2] [D] [thread 175573] [10.0] [cxt 0] Egress port is 0
[15:34:19.452] [bmv2] [D] [thread 175573] [11.0] [cxt 0] Processing packet received on port 2
[15:34:19.452] [bmv2] [D] [thread 175573] [11.0] [cxt 0] Parser 'parser': start
[15:34:19.452] [bmv2] [D] [thread 175573] [11.0] [cxt 0] Parser 'parser' entering state 'start'
[15:34:19.452] [bmv2] [D] [thread 175573] [11.0] [cxt 0] Extracting header 'ethernet'
[15:34:19.452] [bmv2] [D] [thread 175573] [11.0] [cxt 0] Parser state 'start': key is 86dd
[15:34:19.452] [bmv2] [T] [thread 175573] [11.0] [cxt 0] Bytes parsed: 14
[15:34:19.452] [bmv2] [D] [thread 175573] [11.0] [cxt 0] Parser 'parser': end
[15:34:19.452] [bmv2] [D] [thread 175573] [11.0] [cxt 0] Pipeline 'ingress': start
[15:34:19.452] [bmv2] [T] [thread 175573] [11.0] [cxt 0] /home/vboxuser/p4-utils/p4-learning/exercises/04-MPLS/thrift/mpls_stacked/solution/stacked.p4(249) Condition "hdr.ipv4.isValid()" (node_2) is false
[15:34:19.452] [bmv2] [T] [thread 175573] [11.0] [cxt 0] /home/vboxuser/p4-utils/p4-learning/exercises/04-MPLS/thrift/mpls_stacked/solution/stacked.p4(258) Condition "hdr.sr[0].isValid()" (node_5) is false
[15:34:19.452] [bmv2] [D] [thread 175573] [11.0] [cxt 0] Pipeline 'ingress': end
[15:34:19.452] [bmv2] [D] [thread 175573] [11.0] [cxt 0] Egress port is 0
[15:34:19.452] [bmv2] [D] [thread 175574] [9.0] [cxt 0] Pipeline 'egress': start
[15:34:19.452] [bmv2] [D] [thread 175574] [9.0] [cxt 0] Pipeline 'egress': end
[15:34:19.452] [bmv2] [D] [thread 175574] [9.0] [cxt 0] Deparser 'deparser': start
[15:34:19.452] [bmv2] [T] [thread 175574] [9.0] [cxt 0] Skipping checksum 'cksum' update because condition not met
[15:34:19.452] [bmv2] [D] [thread 175574] [9.0] [cxt 0] Deparsing header 'ethernet'
[15:34:19.452] [bmv2] [D] [thread 175574] [9.0] [cxt 0] Deparser 'deparser': end
[15:34:19.452] [bmv2] [D] [thread 175574] [10.0] [cxt 0] Pipeline 'egress': start
[15:34:19.452] [bmv2] [D] [thread 175574] [10.0] [cxt 0] Pipeline 'egress': end
[15:34:19.452] [bmv2] [D] [thread 175574] [10.0] [cxt 0] Deparser 'deparser': start
[15:34:19.452] [bmv2] [T] [thread 175574] [10.0] [cxt 0] Skipping checksum 'cksum' update because condition not met
[15:34:19.452] [bmv2] [D] [thread 175574] [10.0] [cxt 0] Deparsing header 'ethernet'
[15:34:19.452] [bmv2] [D] [thread 175574] [10.0] [cxt 0] Deparser 'deparser': end
[15:34:19.452] [bmv2] [D] [thread 175574] [11.0] [cxt 0] Pipeline 'egress': start
[15:34:19.452] [bmv2] [D] [thread 175574] [11.0] [cxt 0] Pipeline 'egress': end
[15:34:19.452] [bmv2] [D] [thread 175574] [11.0] [cxt 0] Deparser 'deparser': start
[15:34:19.452] [bmv2] [T] [thread 175574] [11.0] [cxt 0] Skipping checksum 'cksum' update because condition not met
[15:34:19.452] [bmv2] [D] [thread 175574] [11.0] [cxt 0] Deparsing header 'ethernet'
[15:34:19.452] [bmv2] [D] [thread 175574] [11.0] [cxt 0] Deparser 'deparser': end
[15:34:19.452] [bmv2] [D] [thread 175578] [9.0] [cxt 0] Transmitting packet of size 221 out of port 0
[15:34:19.452] [bmv2] [D] [thread 175578] [10.0] [cxt 0] Transmitting packet of size 221 out of port 0
[15:34:19.452] [bmv2] [D] [thread 175578] [11.0] [cxt 0] Transmitting packet of size 221 out of port 0
[15:34:20.319] [bmv2] [D] [thread 175573] [12.0] [cxt 0] Processing packet received on port 2
[15:34:20.319] [bmv2] [D] [thread 175573] [12.0] [cxt 0] Parser 'parser': start
[15:34:20.319] [bmv2] [D] [thread 175573] [12.0] [cxt 0] Parser 'parser' entering state 'start'
[15:34:20.319] [bmv2] [D] [thread 175573] [12.0] [cxt 0] Extracting header 'ethernet'
[15:34:20.319] [bmv2] [D] [thread 175573] [12.0] [cxt 0] Parser state 'start': key is 86dd
[15:34:20.319] [bmv2] [T] [thread 175573] [12.0] [cxt 0] Bytes parsed: 14
[15:34:20.319] [bmv2] [D] [thread 175573] [12.0] [cxt 0] Parser 'parser': end
[15:34:20.319] [bmv2] [D] [thread 175573] [12.0] [cxt 0] Pipeline 'ingress': start
[15:34:20.319] [bmv2] [T] [thread 175573] [12.0] [cxt 0] /home/vboxuser/p4-utils/p4-learning/exercises/04-MPLS/thrift/mpls_stacked/solution/stacked.p4(249) Condition "hdr.ipv4.isValid()" (node_2) is false
[15:34:20.319] [bmv2] [T] [thread 175573] [12.0] [cxt 0] /home/vboxuser/p4-utils/p4-learning/exercises/04-MPLS/thrift/mpls_stacked/solution/stacked.p4(258) Condition "hdr.sr[0].isValid()" (node_5) is false
[15:34:20.319] [bmv2] [D] [thread 175573] [12.0] [cxt 0] Pipeline 'ingress': end
[15:34:20.319] [bmv2] [D] [thread 175573] [12.0] [cxt 0] Egress port is 0
[15:34:20.319] [bmv2] [D] [thread 175574] [12.0] [cxt 0] Pipeline 'egress': start
[15:34:20.319] [bmv2] [D] [thread 175574] [12.0] [cxt 0] Pipeline 'egress': end
[15:34:20.319] [bmv2] [D] [thread 175574] [12.0] [cxt 0] Deparser 'deparser': start
[15:34:20.319] [bmv2] [T] [thread 175574] [12.0] [cxt 0] Skipping checksum 'cksum' update because condition not met
[15:34:20.319] [bmv2] [D] [thread 175574] [12.0] [cxt 0] Deparsing header 'ethernet'
[15:34:20.319] [bmv2] [D] [thread 175574] [12.0] [cxt 0] Deparser 'deparser': end
[15:34:20.319] [bmv2] [D] [thread 175578] [12.0] [cxt 0] Transmitting packet of size 70 out of port 0
[15:34:20.350] [bmv2] [D] [thread 175573] [13.0] [cxt 0] Processing packet received on port 1
[15:34:20.350] [bmv2] [D] [thread 175573] [13.0] [cxt 0] Parser 'parser': start
[15:34:20.350] [bmv2] [D] [thread 175573] [13.0] [cxt 0] Parser 'parser' entering state 'start'
[15:34:20.350] [bmv2] [D] [thread 175573] [13.0] [cxt 0] Extracting header 'ethernet'
[15:34:20.350] [bmv2] [D] [thread 175573] [13.0] [cxt 0] Parser state 'start': key is 86dd
[15:34:20.350] [bmv2] [T] [thread 175573] [13.0] [cxt 0] Bytes parsed: 14
[15:34:20.350] [bmv2] [D] [thread 175573] [13.0] [cxt 0] Parser 'parser': end
[15:34:20.350] [bmv2] [D] [thread 175573] [13.0] [cxt 0] Pipeline 'ingress': start
[15:34:20.350] [bmv2] [T] [thread 175573] [13.0] [cxt 0] /home/vboxuser/p4-utils/p4-learning/exercises/04-MPLS/thrift/mpls_stacked/solution/stacked.p4(249) Condition "hdr.ipv4.isValid()" (node_2) is false
[15:34:20.350] [bmv2] [T] [thread 175573] [13.0] [cxt 0] /home/vboxuser/p4-utils/p4-learning/exercises/04-MPLS/thrift/mpls_stacked/solution/stacked.p4(258) Condition "hdr.sr[0].isValid()" (node_5) is false
[15:34:20.350] [bmv2] [D] [thread 175573] [13.0] [cxt 0] Pipeline 'ingress': end
[15:34:20.350] [bmv2] [D] [thread 175573] [13.0] [cxt 0] Egress port is 0
[15:34:20.350] [bmv2] [D] [thread 175573] [14.0] [cxt 0] Processing packet received on port 2
[15:34:20.350] [bmv2] [D] [thread 175573] [14.0] [cxt 0] Parser 'parser': start
[15:34:20.350] [bmv2] [D] [thread 175573] [14.0] [cxt 0] Parser 'parser' entering state 'start'
[15:34:20.350] [bmv2] [D] [thread 175573] [14.0] [cxt 0] Extracting header 'ethernet'
[15:34:20.350] [bmv2] [D] [thread 175573] [14.0] [cxt 0] Parser state 'start': key is 86dd
[15:34:20.350] [bmv2] [T] [thread 175573] [14.0] [cxt 0] Bytes parsed: 14
[15:34:20.350] [bmv2] [D] [thread 175573] [14.0] [cxt 0] Parser 'parser': end
[15:34:20.350] [bmv2] [D] [thread 175573] [14.0] [cxt 0] Pipeline 'ingress': start
[15:34:20.350] [bmv2] [T] [thread 175573] [14.0] [cxt 0] /home/vboxuser/p4-utils/p4-learning/exercises/04-MPLS/thrift/mpls_stacked/solution/stacked.p4(249) Condition "hdr.ipv4.isValid()" (node_2) is false
[15:34:20.350] [bmv2] [T] [thread 175573] [14.0] [cxt 0] /home/vboxuser/p4-utils/p4-learning/exercises/04-MPLS/thrift/mpls_stacked/solution/stacked.p4(258) Condition "hdr.sr[0].isValid()" (node_5) is false
[15:34:20.350] [bmv2] [D] [thread 175573] [14.0] [cxt 0] Pipeline 'ingress': end
[15:34:20.350] [bmv2] [D] [thread 175573] [14.0] [cxt 0] Egress port is 0
[15:34:20.350] [bmv2] [D] [thread 175573] [15.0] [cxt 0] Processing packet received on port 2
[15:34:20.350] [bmv2] [D] [thread 175573] [15.0] [cxt 0] Parser 'parser': start
[15:34:20.350] [bmv2] [D] [thread 175573] [15.0] [cxt 0] Parser 'parser' entering state 'start'
[15:34:20.350] [bmv2] [D] [thread 175573] [15.0] [cxt 0] Extracting header 'ethernet'
[15:34:20.350] [bmv2] [D] [thread 175573] [15.0] [cxt 0] Parser state 'start': key is 86dd
[15:34:20.350] [bmv2] [T] [thread 175573] [15.0] [cxt 0] Bytes parsed: 14
[15:34:20.350] [bmv2] [D] [thread 175573] [15.0] [cxt 0] Parser 'parser': end
[15:34:20.350] [bmv2] [D] [thread 175573] [15.0] [cxt 0] Pipeline 'ingress': start
[15:34:20.350] [bmv2] [T] [thread 175573] [15.0] [cxt 0] /home/vboxuser/p4-utils/p4-learning/exercises/04-MPLS/thrift/mpls_stacked/solution/stacked.p4(249) Condition "hdr.ipv4.isValid()" (node_2) is false
[15:34:20.350] [bmv2] [T] [thread 175573] [15.0] [cxt 0] /home/vboxuser/p4-utils/p4-learning/exercises/04-MPLS/thrift/mpls_stacked/solution/stacked.p4(258) Condition "hdr.sr[0].isValid()" (node_5) is false
[15:34:20.350] [bmv2] [D] [thread 175573] [15.0] [cxt 0] Pipeline 'ingress': end
[15:34:20.350] [bmv2] [D] [thread 175573] [15.0] [cxt 0] Egress port is 0
[15:34:20.350] [bmv2] [D] [thread 175574] [13.0] [cxt 0] Pipeline 'egress': start
[15:34:20.350] [bmv2] [D] [thread 175574] [13.0] [cxt 0] Pipeline 'egress': end
[15:34:20.350] [bmv2] [D] [thread 175574] [13.0] [cxt 0] Deparser 'deparser': start
[15:34:20.350] [bmv2] [T] [thread 175574] [13.0] [cxt 0] Skipping checksum 'cksum' update because condition not met
[15:34:20.350] [bmv2] [D] [thread 175574] [13.0] [cxt 0] Deparsing header 'ethernet'
[15:34:20.350] [bmv2] [D] [thread 175574] [13.0] [cxt 0] Deparser 'deparser': end
[15:34:20.350] [bmv2] [D] [thread 175574] [14.0] [cxt 0] Pipeline 'egress': start
[15:34:20.350] [bmv2] [D] [thread 175574] [14.0] [cxt 0] Pipeline 'egress': end
[15:34:20.350] [bmv2] [D] [thread 175574] [14.0] [cxt 0] Deparser 'deparser': start
[15:34:20.350] [bmv2] [T] [thread 175574] [14.0] [cxt 0] Skipping checksum 'cksum' update because condition not met
[15:34:20.350] [bmv2] [D] [thread 175574] [14.0] [cxt 0] Deparsing header 'ethernet'
[15:34:20.350] [bmv2] [D] [thread 175574] [14.0] [cxt 0] Deparser 'deparser': end
[15:34:20.350] [bmv2] [D] [thread 175574] [15.0] [cxt 0] Pipeline 'egress': start
[15:34:20.350] [bmv2] [D] [thread 175574] [15.0] [cxt 0] Pipeline 'egress': end
[15:34:20.350] [bmv2] [D] [thread 175574] [15.0] [cxt 0] Deparser 'deparser': start
[15:34:20.350] [bmv2] [T] [thread 175574] [15.0] [cxt 0] Skipping checksum 'cksum' update because condition not met
[15:34:20.350] [bmv2] [D] [thread 175574] [15.0] [cxt 0] Deparsing header 'ethernet'
[15:34:20.350] [bmv2] [D] [thread 175574] [15.0] [cxt 0] Deparser 'deparser': end
[15:34:20.350] [bmv2] [D] [thread 175578] [13.0] [cxt 0] Transmitting packet of size 205 out of port 0
[15:34:20.350] [bmv2] [D] [thread 175578] [14.0] [cxt 0] Transmitting packet of size 205 out of port 0
[15:34:20.351] [bmv2] [D] [thread 175578] [15.0] [cxt 0] Transmitting packet of size 205 out of port 0
[15:34:22.320] [bmv2] [D] [thread 175573] [16.0] [cxt 0] Processing packet received on port 1
[15:34:22.320] [bmv2] [D] [thread 175573] [16.0] [cxt 0] Parser 'parser': start
[15:34:22.320] [bmv2] [D] [thread 175573] [16.0] [cxt 0] Parser 'parser' entering state 'start'
[15:34:22.320] [bmv2] [D] [thread 175573] [16.0] [cxt 0] Extracting header 'ethernet'
[15:34:22.320] [bmv2] [D] [thread 175573] [16.0] [cxt 0] Parser state 'start': key is 86dd
[15:34:22.320] [bmv2] [T] [thread 175573] [16.0] [cxt 0] Bytes parsed: 14
[15:34:22.320] [bmv2] [D] [thread 175573] [16.0] [cxt 0] Parser 'parser': end
[15:34:22.320] [bmv2] [D] [thread 175573] [16.0] [cxt 0] Pipeline 'ingress': start
[15:34:22.320] [bmv2] [T] [thread 175573] [16.0] [cxt 0] /home/vboxuser/p4-utils/p4-learning/exercises/04-MPLS/thrift/mpls_stacked/solution/stacked.p4(249) Condition "hdr.ipv4.isValid()" (node_2) is false
[15:34:22.320] [bmv2] [T] [thread 175573] [16.0] [cxt 0] /home/vboxuser/p4-utils/p4-learning/exercises/04-MPLS/thrift/mpls_stacked/solution/stacked.p4(258) Condition "hdr.sr[0].isValid()" (node_5) is false
[15:34:22.320] [bmv2] [D] [thread 175573] [16.0] [cxt 0] Pipeline 'ingress': end
[15:34:22.320] [bmv2] [D] [thread 175573] [16.0] [cxt 0] Egress port is 0
[15:34:22.320] [bmv2] [D] [thread 175574] [16.0] [cxt 0] Pipeline 'egress': start
[15:34:22.320] [bmv2] [D] [thread 175574] [16.0] [cxt 0] Pipeline 'egress': end
[15:34:22.320] [bmv2] [D] [thread 175574] [16.0] [cxt 0] Deparser 'deparser': start
[15:34:22.320] [bmv2] [T] [thread 175574] [16.0] [cxt 0] Skipping checksum 'cksum' update because condition not met
[15:34:22.320] [bmv2] [D] [thread 175574] [16.0] [cxt 0] Deparsing header 'ethernet'
[15:34:22.320] [bmv2] [D] [thread 175574] [16.0] [cxt 0] Deparser 'deparser': end
[15:34:22.320] [bmv2] [D] [thread 175578] [16.0] [cxt 0] Transmitting packet of size 70 out of port 0
[15:34:22.325] [bmv2] [D] [thread 175573] [17.0] [cxt 0] Processing packet received on port 1
[15:34:22.325] [bmv2] [D] [thread 175573] [17.0] [cxt 0] Parser 'parser': start
[15:34:22.326] [bmv2] [D] [thread 175573] [17.0] [cxt 0] Parser 'parser' entering state 'start'
[15:34:22.326] [bmv2] [D] [thread 175573] [17.0] [cxt 0] Extracting header 'ethernet'
[15:34:22.326] [bmv2] [D] [thread 175573] [17.0] [cxt 0] Parser state 'start': key is 86dd
[15:34:22.326] [bmv2] [T] [thread 175573] [17.0] [cxt 0] Bytes parsed: 14
[15:34:22.326] [bmv2] [D] [thread 175573] [17.0] [cxt 0] Parser 'parser': end
[15:34:22.326] [bmv2] [D] [thread 175573] [17.0] [cxt 0] Pipeline 'ingress': start
[15:34:22.326] [bmv2] [T] [thread 175573] [17.0] [cxt 0] /home/vboxuser/p4-utils/p4-learning/exercises/04-MPLS/thrift/mpls_stacked/solution/stacked.p4(249) Condition "hdr.ipv4.isValid()" (node_2) is false
[15:34:22.326] [bmv2] [T] [thread 175573] [17.0] [cxt 0] /home/vboxuser/p4-utils/p4-learning/exercises/04-MPLS/thrift/mpls_stacked/solution/stacked.p4(258) Condition "hdr.sr[0].isValid()" (node_5) is false
[15:34:22.326] [bmv2] [D] [thread 175573] [17.0] [cxt 0] Pipeline 'ingress': end
[15:34:22.326] [bmv2] [D] [thread 175573] [17.0] [cxt 0] Egress port is 0
[15:34:22.326] [bmv2] [D] [thread 175574] [17.0] [cxt 0] Pipeline 'egress': start
[15:34:22.326] [bmv2] [D] [thread 175574] [17.0] [cxt 0] Pipeline 'egress': end
[15:34:22.326] [bmv2] [D] [thread 175574] [17.0] [cxt 0] Deparser 'deparser': start
[15:34:22.326] [bmv2] [T] [thread 175574] [17.0] [cxt 0] Skipping checksum 'cksum' update because condition not met
[15:34:22.326] [bmv2] [D] [thread 175574] [17.0] [cxt 0] Deparsing header 'ethernet'
[15:34:22.326] [bmv2] [D] [thread 175574] [17.0] [cxt 0] Deparser 'deparser': end
[15:34:22.326] [bmv2] [D] [thread 175578] [17.0] [cxt 0] Transmitting packet of size 205 out of port 0
[15:34:22.326] [bmv2] [D] [thread 175573] [18.0] [cxt 0] Processing packet received on port 2
[15:34:22.326] [bmv2] [D] [thread 175573] [18.0] [cxt 0] Parser 'parser': start
[15:34:22.326] [bmv2] [D] [thread 175573] [18.0] [cxt 0] Parser 'parser' entering state 'start'
[15:34:22.326] [bmv2] [D] [thread 175573] [18.0] [cxt 0] Extracting header 'ethernet'
[15:34:22.326] [bmv2] [D] [thread 175573] [18.0] [cxt 0] Parser state 'start': key is 86dd
[15:34:22.326] [bmv2] [T] [thread 175573] [18.0] [cxt 0] Bytes parsed: 14
[15:34:22.326] [bmv2] [D] [thread 175573] [18.0] [cxt 0] Parser 'parser': end
[15:34:22.326] [bmv2] [D] [thread 175573] [18.0] [cxt 0] Pipeline 'ingress': start
[15:34:22.326] [bmv2] [T] [thread 175573] [18.0] [cxt 0] /home/vboxuser/p4-utils/p4-learning/exercises/04-MPLS/thrift/mpls_stacked/solution/stacked.p4(249) Condition "hdr.ipv4.isValid()" (node_2) is false
[15:34:22.326] [bmv2] [T] [thread 175573] [18.0] [cxt 0] /home/vboxuser/p4-utils/p4-learning/exercises/04-MPLS/thrift/mpls_stacked/solution/stacked.p4(258) Condition "hdr.sr[0].isValid()" (node_5) is false
[15:34:22.326] [bmv2] [D] [thread 175573] [18.0] [cxt 0] Pipeline 'ingress': end
[15:34:22.326] [bmv2] [D] [thread 175573] [18.0] [cxt 0] Egress port is 0
[15:34:22.326] [bmv2] [D] [thread 175574] [18.0] [cxt 0] Pipeline 'egress': start
[15:34:22.326] [bmv2] [D] [thread 175574] [18.0] [cxt 0] Pipeline 'egress': end
[15:34:22.326] [bmv2] [D] [thread 175574] [18.0] [cxt 0] Deparser 'deparser': start
[15:34:22.326] [bmv2] [T] [thread 175574] [18.0] [cxt 0] Skipping checksum 'cksum' update because condition not met
[15:34:22.326] [bmv2] [D] [thread 175574] [18.0] [cxt 0] Deparsing header 'ethernet'
[15:34:22.326] [bmv2] [D] [thread 175574] [18.0] [cxt 0] Deparser 'deparser': end
[15:34:22.326] [bmv2] [D] [thread 175578] [18.0] [cxt 0] Transmitting packet of size 70 out of port 0
[15:34:22.378] [bmv2] [D] [thread 175573] [19.0] [cxt 0] Processing packet received on port 1
[15:34:22.378] [bmv2] [D] [thread 175573] [19.0] [cxt 0] Parser 'parser': start
[15:34:22.378] [bmv2] [D] [thread 175573] [19.0] [cxt 0] Parser 'parser' entering state 'start'
[15:34:22.378] [bmv2] [D] [thread 175573] [19.0] [cxt 0] Extracting header 'ethernet'
[15:34:22.378] [bmv2] [D] [thread 175573] [19.0] [cxt 0] Parser state 'start': key is 86dd
[15:34:22.378] [bmv2] [T] [thread 175573] [19.0] [cxt 0] Bytes parsed: 14
[15:34:22.378] [bmv2] [D] [thread 175573] [19.0] [cxt 0] Parser 'parser': end
[15:34:22.378] [bmv2] [D] [thread 175573] [19.0] [cxt 0] Pipeline 'ingress': start
[15:34:22.378] [bmv2] [T] [thread 175573] [19.0] [cxt 0] /home/vboxuser/p4-utils/p4-learning/exercises/04-MPLS/thrift/mpls_stacked/solution/stacked.p4(249) Condition "hdr.ipv4.isValid()" (node_2) is false
[15:34:22.378] [bmv2] [T] [thread 175573] [19.0] [cxt 0] /home/vboxuser/p4-utils/p4-learning/exercises/04-MPLS/thrift/mpls_stacked/solution/stacked.p4(258) Condition "hdr.sr[0].isValid()" (node_5) is false
[15:34:22.378] [bmv2] [D] [thread 175573] [19.0] [cxt 0] Pipeline 'ingress': end
[15:34:22.378] [bmv2] [D] [thread 175573] [19.0] [cxt 0] Egress port is 0
[15:34:22.378] [bmv2] [D] [thread 175574] [19.0] [cxt 0] Pipeline 'egress': start
[15:34:22.378] [bmv2] [D] [thread 175574] [19.0] [cxt 0] Pipeline 'egress': end
[15:34:22.378] [bmv2] [D] [thread 175574] [19.0] [cxt 0] Deparser 'deparser': start
[15:34:22.378] [bmv2] [T] [thread 175574] [19.0] [cxt 0] Skipping checksum 'cksum' update because condition not met
[15:34:22.378] [bmv2] [D] [thread 175574] [19.0] [cxt 0] Deparsing header 'ethernet'
[15:34:22.378] [bmv2] [D] [thread 175574] [19.0] [cxt 0] Deparser 'deparser': end
[15:34:22.378] [bmv2] [D] [thread 175573] [20.0] [cxt 0] Processing packet received on port 2
[15:34:22.378] [bmv2] [D] [thread 175573] [20.0] [cxt 0] Parser 'parser': start
[15:34:22.378] [bmv2] [D] [thread 175573] [20.0] [cxt 0] Parser 'parser' entering state 'start'
[15:34:22.378] [bmv2] [D] [thread 175573] [20.0] [cxt 0] Extracting header 'ethernet'
[15:34:22.378] [bmv2] [D] [thread 175573] [20.0] [cxt 0] Parser state 'start': key is 86dd
[15:34:22.378] [bmv2] [T] [thread 175573] [20.0] [cxt 0] Bytes parsed: 14
[15:34:22.378] [bmv2] [D] [thread 175573] [20.0] [cxt 0] Parser 'parser': end
[15:34:22.378] [bmv2] [D] [thread 175573] [20.0] [cxt 0] Pipeline 'ingress': start
[15:34:22.378] [bmv2] [T] [thread 175573] [20.0] [cxt 0] /home/vboxuser/p4-utils/p4-learning/exercises/04-MPLS/thrift/mpls_stacked/solution/stacked.p4(249) Condition "hdr.ipv4.isValid()" (node_2) is false
[15:34:22.378] [bmv2] [T] [thread 175573] [20.0] [cxt 0] /home/vboxuser/p4-utils/p4-learning/exercises/04-MPLS/thrift/mpls_stacked/solution/stacked.p4(258) Condition "hdr.sr[0].isValid()" (node_5) is false
[15:34:22.378] [bmv2] [D] [thread 175573] [20.0] [cxt 0] Pipeline 'ingress': end
[15:34:22.378] [bmv2] [D] [thread 175573] [20.0] [cxt 0] Egress port is 0
[15:34:22.379] [bmv2] [D] [thread 175574] [20.0] [cxt 0] Pipeline 'egress': start
[15:34:22.379] [bmv2] [D] [thread 175574] [20.0] [cxt 0] Pipeline 'egress': end
[15:34:22.379] [bmv2] [D] [thread 175574] [20.0] [cxt 0] Deparser 'deparser': start
[15:34:22.379] [bmv2] [T] [thread 175574] [20.0] [cxt 0] Skipping checksum 'cksum' update because condition not met
[15:34:22.379] [bmv2] [D] [thread 175574] [20.0] [cxt 0] Deparsing header 'ethernet'
[15:34:22.379] [bmv2] [D] [thread 175574] [20.0] [cxt 0] Deparser 'deparser': end
[15:34:22.379] [bmv2] [D] [thread 175573] [21.0] [cxt 0] Processing packet received on port 2
[15:34:22.379] [bmv2] [D] [thread 175573] [21.0] [cxt 0] Parser 'parser': start
[15:34:22.379] [bmv2] [D] [thread 175573] [21.0] [cxt 0] Parser 'parser' entering state 'start'
[15:34:22.379] [bmv2] [D] [thread 175573] [21.0] [cxt 0] Extracting header 'ethernet'
[15:34:22.379] [bmv2] [D] [thread 175573] [21.0] [cxt 0] Parser state 'start': key is 86dd
[15:34:22.379] [bmv2] [T] [thread 175573] [21.0] [cxt 0] Bytes parsed: 14
[15:34:22.379] [bmv2] [D] [thread 175573] [21.0] [cxt 0] Parser 'parser': end
[15:34:22.379] [bmv2] [D] [thread 175573] [21.0] [cxt 0] Pipeline 'ingress': start
[15:34:22.379] [bmv2] [T] [thread 175573] [21.0] [cxt 0] /home/vboxuser/p4-utils/p4-learning/exercises/04-MPLS/thrift/mpls_stacked/solution/stacked.p4(249) Condition "hdr.ipv4.isValid()" (node_2) is false
[15:34:22.379] [bmv2] [T] [thread 175573] [21.0] [cxt 0] /home/vboxuser/p4-utils/p4-learning/exercises/04-MPLS/thrift/mpls_stacked/solution/stacked.p4(258) Condition "hdr.sr[0].isValid()" (node_5) is false
[15:34:22.379] [bmv2] [D] [thread 175573] [21.0] [cxt 0] Pipeline 'ingress': end
[15:34:22.379] [bmv2] [D] [thread 175573] [21.0] [cxt 0] Egress port is 0
[15:34:22.379] [bmv2] [D] [thread 175574] [21.0] [cxt 0] Pipeline 'egress': start
[15:34:22.379] [bmv2] [D] [thread 175574] [21.0] [cxt 0] Pipeline 'egress': end
[15:34:22.379] [bmv2] [D] [thread 175574] [21.0] [cxt 0] Deparser 'deparser': start
[15:34:22.379] [bmv2] [T] [thread 175574] [21.0] [cxt 0] Skipping checksum 'cksum' update because condition not met
[15:34:22.379] [bmv2] [D] [thread 175574] [21.0] [cxt 0] Deparsing header 'ethernet'
[15:34:22.379] [bmv2] [D] [thread 175574] [21.0] [cxt 0] Deparser 'deparser': end
[15:34:22.382] [bmv2] [D] [thread 175578] [19.0] [cxt 0] Transmitting packet of size 205 out of port 0
[15:34:22.382] [bmv2] [D] [thread 175578] [20.0] [cxt 0] Transmitting packet of size 205 out of port 0
[15:34:22.382] [bmv2] [D] [thread 175578] [21.0] [cxt 0] Transmitting packet of size 205 out of port 0
[15:34:22.450] [bmv2] [D] [thread 175573] [22.0] [cxt 0] Processing packet received on port 1
[15:34:22.450] [bmv2] [D] [thread 175573] [22.0] [cxt 0] Parser 'parser': start
[15:34:22.450] [bmv2] [D] [thread 175573] [22.0] [cxt 0] Parser 'parser' entering state 'start'
[15:34:22.450] [bmv2] [D] [thread 175573] [22.0] [cxt 0] Extracting header 'ethernet'
[15:34:22.450] [bmv2] [D] [thread 175573] [22.0] [cxt 0] Parser state 'start': key is 86dd
[15:34:22.450] [bmv2] [T] [thread 175573] [22.0] [cxt 0] Bytes parsed: 14
[15:34:22.450] [bmv2] [D] [thread 175573] [22.0] [cxt 0] Parser 'parser': end
[15:34:22.450] [bmv2] [D] [thread 175573] [22.0] [cxt 0] Pipeline 'ingress': start
[15:34:22.450] [bmv2] [T] [thread 175573] [22.0] [cxt 0] /home/vboxuser/p4-utils/p4-learning/exercises/04-MPLS/thrift/mpls_stacked/solution/stacked.p4(249) Condition "hdr.ipv4.isValid()" (node_2) is false
[15:34:22.450] [bmv2] [T] [thread 175573] [22.0] [cxt 0] /home/vboxuser/p4-utils/p4-learning/exercises/04-MPLS/thrift/mpls_stacked/solution/stacked.p4(258) Condition "hdr.sr[0].isValid()" (node_5) is false
[15:34:22.450] [bmv2] [D] [thread 175573] [22.0] [cxt 0] Pipeline 'ingress': end
[15:34:22.450] [bmv2] [D] [thread 175573] [22.0] [cxt 0] Egress port is 0
[15:34:22.450] [bmv2] [D] [thread 175574] [22.0] [cxt 0] Pipeline 'egress': start
[15:34:22.450] [bmv2] [D] [thread 175574] [22.0] [cxt 0] Pipeline 'egress': end
[15:34:22.450] [bmv2] [D] [thread 175574] [22.0] [cxt 0] Deparser 'deparser': start
[15:34:22.450] [bmv2] [T] [thread 175574] [22.0] [cxt 0] Skipping checksum 'cksum' update because condition not met
[15:34:22.450] [bmv2] [D] [thread 175574] [22.0] [cxt 0] Deparsing header 'ethernet'
[15:34:22.450] [bmv2] [D] [thread 175574] [22.0] [cxt 0] Deparser 'deparser': end
[15:34:22.452] [bmv2] [D] [thread 175578] [22.0] [cxt 0] Transmitting packet of size 221 out of port 0
[15:34:23.455] [bmv2] [D] [thread 175573] [23.0] [cxt 0] Processing packet received on port 1
[15:34:23.455] [bmv2] [D] [thread 175573] [23.0] [cxt 0] Parser 'parser': start
[15:34:23.455] [bmv2] [D] [thread 175573] [23.0] [cxt 0] Parser 'parser' entering state 'start'
[15:34:23.455] [bmv2] [D] [thread 175573] [23.0] [cxt 0] Extracting header 'ethernet'
[15:34:23.455] [bmv2] [D] [thread 175573] [23.0] [cxt 0] Parser state 'start': key is 86dd
[15:34:23.455] [bmv2] [T] [thread 175573] [23.0] [cxt 0] Bytes parsed: 14
[15:34:23.455] [bmv2] [D] [thread 175573] [23.0] [cxt 0] Parser 'parser': end
[15:34:23.455] [bmv2] [D] [thread 175573] [23.0] [cxt 0] Pipeline 'ingress': start
[15:34:23.455] [bmv2] [T] [thread 175573] [23.0] [cxt 0] /home/vboxuser/p4-utils/p4-learning/exercises/04-MPLS/thrift/mpls_stacked/solution/stacked.p4(249) Condition "hdr.ipv4.isValid()" (node_2) is false
[15:34:23.455] [bmv2] [T] [thread 175573] [23.0] [cxt 0] /home/vboxuser/p4-utils/p4-learning/exercises/04-MPLS/thrift/mpls_stacked/solution/stacked.p4(258) Condition "hdr.sr[0].isValid()" (node_5) is false
[15:34:23.455] [bmv2] [D] [thread 175573] [23.0] [cxt 0] Pipeline 'ingress': end
[15:34:23.455] [bmv2] [D] [thread 175573] [23.0] [cxt 0] Egress port is 0
[15:34:23.455] [bmv2] [D] [thread 175573] [24.0] [cxt 0] Processing packet received on port 2
[15:34:23.455] [bmv2] [D] [thread 175573] [24.0] [cxt 0] Parser 'parser': start
[15:34:23.455] [bmv2] [D] [thread 175573] [24.0] [cxt 0] Parser 'parser' entering state 'start'
[15:34:23.455] [bmv2] [D] [thread 175573] [24.0] [cxt 0] Extracting header 'ethernet'
[15:34:23.455] [bmv2] [D] [thread 175573] [24.0] [cxt 0] Parser state 'start': key is 86dd
[15:34:23.455] [bmv2] [T] [thread 175573] [24.0] [cxt 0] Bytes parsed: 14
[15:34:23.455] [bmv2] [D] [thread 175573] [24.0] [cxt 0] Parser 'parser': end
[15:34:23.455] [bmv2] [D] [thread 175573] [24.0] [cxt 0] Pipeline 'ingress': start
[15:34:23.455] [bmv2] [T] [thread 175573] [24.0] [cxt 0] /home/vboxuser/p4-utils/p4-learning/exercises/04-MPLS/thrift/mpls_stacked/solution/stacked.p4(249) Condition "hdr.ipv4.isValid()" (node_2) is false
[15:34:23.455] [bmv2] [T] [thread 175573] [24.0] [cxt 0] /home/vboxuser/p4-utils/p4-learning/exercises/04-MPLS/thrift/mpls_stacked/solution/stacked.p4(258) Condition "hdr.sr[0].isValid()" (node_5) is false
[15:34:23.456] [bmv2] [D] [thread 175573] [24.0] [cxt 0] Pipeline 'ingress': end
[15:34:23.456] [bmv2] [D] [thread 175573] [24.0] [cxt 0] Egress port is 0
[15:34:23.456] [bmv2] [D] [thread 175573] [25.0] [cxt 0] Processing packet received on port 2
[15:34:23.456] [bmv2] [D] [thread 175573] [25.0] [cxt 0] Parser 'parser': start
[15:34:23.456] [bmv2] [D] [thread 175573] [25.0] [cxt 0] Parser 'parser' entering state 'start'
[15:34:23.456] [bmv2] [D] [thread 175573] [25.0] [cxt 0] Extracting header 'ethernet'
[15:34:23.456] [bmv2] [D] [thread 175573] [25.0] [cxt 0] Parser state 'start': key is 86dd
[15:34:23.456] [bmv2] [T] [thread 175573] [25.0] [cxt 0] Bytes parsed: 14
[15:34:23.456] [bmv2] [D] [thread 175573] [25.0] [cxt 0] Parser 'parser': end
[15:34:23.456] [bmv2] [D] [thread 175573] [25.0] [cxt 0] Pipeline 'ingress': start
[15:34:23.456] [bmv2] [T] [thread 175573] [25.0] [cxt 0] /home/vboxuser/p4-utils/p4-learning/exercises/04-MPLS/thrift/mpls_stacked/solution/stacked.p4(249) Condition "hdr.ipv4.isValid()" (node_2) is false
[15:34:23.456] [bmv2] [T] [thread 175573] [25.0] [cxt 0] /home/vboxuser/p4-utils/p4-learning/exercises/04-MPLS/thrift/mpls_stacked/solution/stacked.p4(258) Condition "hdr.sr[0].isValid()" (node_5) is false
[15:34:23.456] [bmv2] [D] [thread 175573] [25.0] [cxt 0] Pipeline 'ingress': end
[15:34:23.456] [bmv2] [D] [thread 175573] [25.0] [cxt 0] Egress port is 0
[15:34:23.458] [bmv2] [D] [thread 175574] [23.0] [cxt 0] Pipeline 'egress': start
[15:34:23.458] [bmv2] [D] [thread 175574] [23.0] [cxt 0] Pipeline 'egress': end
[15:34:23.458] [bmv2] [D] [thread 175574] [23.0] [cxt 0] Deparser 'deparser': start
[15:34:23.458] [bmv2] [T] [thread 175574] [23.0] [cxt 0] Skipping checksum 'cksum' update because condition not met
[15:34:23.458] [bmv2] [D] [thread 175574] [23.0] [cxt 0] Deparsing header 'ethernet'
[15:34:23.458] [bmv2] [D] [thread 175574] [23.0] [cxt 0] Deparser 'deparser': end
[15:34:23.458] [bmv2] [D] [thread 175574] [24.0] [cxt 0] Pipeline 'egress': start
[15:34:23.458] [bmv2] [D] [thread 175574] [24.0] [cxt 0] Pipeline 'egress': end
[15:34:23.458] [bmv2] [D] [thread 175574] [24.0] [cxt 0] Deparser 'deparser': start
[15:34:23.458] [bmv2] [T] [thread 175574] [24.0] [cxt 0] Skipping checksum 'cksum' update because condition not met
[15:34:23.458] [bmv2] [D] [thread 175574] [24.0] [cxt 0] Deparsing header 'ethernet'
[15:34:23.458] [bmv2] [D] [thread 175574] [24.0] [cxt 0] Deparser 'deparser': end
[15:34:23.458] [bmv2] [D] [thread 175574] [25.0] [cxt 0] Pipeline 'egress': start
[15:34:23.458] [bmv2] [D] [thread 175574] [25.0] [cxt 0] Pipeline 'egress': end
[15:34:23.458] [bmv2] [D] [thread 175574] [25.0] [cxt 0] Deparser 'deparser': start
[15:34:23.458] [bmv2] [T] [thread 175574] [25.0] [cxt 0] Skipping checksum 'cksum' update because condition not met
[15:34:23.458] [bmv2] [D] [thread 175574] [25.0] [cxt 0] Deparsing header 'ethernet'
[15:34:23.458] [bmv2] [D] [thread 175574] [25.0] [cxt 0] Deparser 'deparser': end
[15:34:23.465] [bmv2] [D] [thread 175578] [23.0] [cxt 0] Transmitting packet of size 221 out of port 0
[15:34:23.465] [bmv2] [D] [thread 175578] [24.0] [cxt 0] Transmitting packet of size 221 out of port 0
[15:34:23.465] [bmv2] [D] [thread 175578] [25.0] [cxt 0] Transmitting packet of size 221 out of port 0
[15:34:24.377] [bmv2] [T] [thread 175741] bm_get_config
[15:34:24.380] [bmv2] [T] [thread 175741] bm_table_add_entry
[15:34:24.380] [bmv2] [D] [thread 175741] Entry 0 added to table 'MyIngress.sr_tbl'
[15:34:24.380] [bmv2] [D] [thread 175741] Dumping entry 0
Match key:
* hdr.sr[0].label     : EXACT     000002
* hdr.sr[0].s         : EXACT     00
Action entry: MyIngress.sr_forward - 40100,2,

open: No such file or directory
open: No such file or directory
open: No such file or directory
open: No such file or directory
open: No such file or directory
open: No such file or directory
