Warning: you requested the nanomsg event logger, but bmv2 was compiled without -DBMELOG, and the event logger cannot be activated
Calling target program-options parser
[17:45:02.693] [bmv2] [D] [thread 160630] Set default default entry for table 'MyIngress.ipv4_lpm': MyIngress.drop - 
[17:45:02.693] [bmv2] [D] [thread 160630] Set default default entry for table 'MyIngress.FEC_tbl': NoAction - 
[17:45:02.693] [bmv2] [D] [thread 160630] Set default default entry for table 'tbl_stacked227': stacked227 - 
[17:45:02.693] [bmv2] [D] [thread 160630] Set default default entry for table 'MyIngress.mpls_tbl': NoAction - 
Adding interface s7-eth1 as port 1
[17:45:02.726] [bmv2] [D] [thread 160630] Adding interface s7-eth1 as port 1
Adding interface s7-eth2 as port 2
[17:45:02.942] [bmv2] [D] [thread 160630] Adding interface s7-eth2 as port 2
Adding interface s7-eth3 as port 3
[17:45:02.958] [bmv2] [D] [thread 160630] Adding interface s7-eth3 as port 3
Adding interface s7-eth4 as port 4
[17:45:03.089] [bmv2] [D] [thread 160630] Adding interface s7-eth4 as port 4
[17:45:03.349] [bmv2] [I] [thread 160630] Starting Thrift server on port 9096
[17:45:03.350] [bmv2] [I] [thread 160630] Thrift server was started
[17:45:03.357] [bmv2] [D] [thread 160641] [0.0] [cxt 0] Processing packet received on port 1
[17:45:03.357] [bmv2] [D] [thread 160641] [0.0] [cxt 0] Parser 'parser': start
[17:45:03.357] [bmv2] [D] [thread 160641] [0.0] [cxt 0] Parser 'parser' entering state 'start'
[17:45:03.357] [bmv2] [D] [thread 160641] [0.0] [cxt 0] Extracting header 'ethernet'
[17:45:03.357] [bmv2] [D] [thread 160641] [0.0] [cxt 0] Parser state 'start': key is 86dd
[17:45:03.360] [bmv2] [T] [thread 160641] [0.0] [cxt 0] Bytes parsed: 14
[17:45:03.360] [bmv2] [D] [thread 160641] [0.0] [cxt 0] Parser 'parser': end
[17:45:03.360] [bmv2] [D] [thread 160641] [0.0] [cxt 0] Pipeline 'ingress': start
[17:45:03.360] [bmv2] [T] [thread 160641] [0.0] [cxt 0] /home/vboxuser/p4-utils/p4-learning/exercises/04-MPLS/thrift/mpls_stacked/solution/stacked.p4(245) Condition "hdr.ipv4.isValid()" (node_2) is false
[17:45:03.360] [bmv2] [T] [thread 160641] [0.0] [cxt 0] /home/vboxuser/p4-utils/p4-learning/exercises/04-MPLS/thrift/mpls_stacked/solution/stacked.p4(253) Condition "hdr.mpls[0].isValid()" (node_5) is false
[17:45:03.360] [bmv2] [D] [thread 160641] [0.0] [cxt 0] Pipeline 'ingress': end
[17:45:03.360] [bmv2] [D] [thread 160641] [0.0] [cxt 0] Egress port is 0
[17:45:03.360] [bmv2] [D] [thread 160642] [0.0] [cxt 0] Pipeline 'egress': start
[17:45:03.360] [bmv2] [D] [thread 160642] [0.0] [cxt 0] Pipeline 'egress': end
[17:45:03.360] [bmv2] [D] [thread 160642] [0.0] [cxt 0] Deparser 'deparser': start
[17:45:03.360] [bmv2] [T] [thread 160642] [0.0] [cxt 0] Skipping checksum 'cksum' update because condition not met
[17:45:03.360] [bmv2] [D] [thread 160642] [0.0] [cxt 0] Deparsing header 'ethernet'
[17:45:03.360] [bmv2] [D] [thread 160642] [0.0] [cxt 0] Deparser 'deparser': end
[17:45:03.360] [bmv2] [D] [thread 160646] [0.0] [cxt 0] Transmitting packet of size 221 out of port 0
[17:45:03.360] [bmv2] [D] [thread 160641] [1.0] [cxt 0] Processing packet received on port 2
[17:45:03.360] [bmv2] [D] [thread 160641] [1.0] [cxt 0] Parser 'parser': start
[17:45:03.360] [bmv2] [D] [thread 160641] [1.0] [cxt 0] Parser 'parser' entering state 'start'
[17:45:03.360] [bmv2] [D] [thread 160641] [1.0] [cxt 0] Extracting header 'ethernet'
[17:45:03.360] [bmv2] [D] [thread 160641] [1.0] [cxt 0] Parser state 'start': key is 86dd
[17:45:03.360] [bmv2] [T] [thread 160641] [1.0] [cxt 0] Bytes parsed: 14
[17:45:03.360] [bmv2] [D] [thread 160641] [1.0] [cxt 0] Parser 'parser': end
[17:45:03.360] [bmv2] [D] [thread 160641] [1.0] [cxt 0] Pipeline 'ingress': start
[17:45:03.360] [bmv2] [T] [thread 160641] [1.0] [cxt 0] /home/vboxuser/p4-utils/p4-learning/exercises/04-MPLS/thrift/mpls_stacked/solution/stacked.p4(245) Condition "hdr.ipv4.isValid()" (node_2) is false
[17:45:03.360] [bmv2] [T] [thread 160641] [1.0] [cxt 0] /home/vboxuser/p4-utils/p4-learning/exercises/04-MPLS/thrift/mpls_stacked/solution/stacked.p4(253) Condition "hdr.mpls[0].isValid()" (node_5) is false
[17:45:03.360] [bmv2] [D] [thread 160641] [1.0] [cxt 0] Pipeline 'ingress': end
[17:45:03.360] [bmv2] [D] [thread 160641] [1.0] [cxt 0] Egress port is 0
[17:45:03.360] [bmv2] [D] [thread 160642] [1.0] [cxt 0] Pipeline 'egress': start
[17:45:03.360] [bmv2] [D] [thread 160642] [1.0] [cxt 0] Pipeline 'egress': end
[17:45:03.360] [bmv2] [D] [thread 160642] [1.0] [cxt 0] Deparser 'deparser': start
[17:45:03.360] [bmv2] [T] [thread 160642] [1.0] [cxt 0] Skipping checksum 'cksum' update because condition not met
[17:45:03.361] [bmv2] [D] [thread 160642] [1.0] [cxt 0] Deparsing header 'ethernet'
[17:45:03.361] [bmv2] [D] [thread 160642] [1.0] [cxt 0] Deparser 'deparser': end
[17:45:03.361] [bmv2] [D] [thread 160646] [1.0] [cxt 0] Transmitting packet of size 205 out of port 0
[17:45:03.404] [bmv2] [D] [thread 160641] [2.0] [cxt 0] Processing packet received on port 4
[17:45:03.404] [bmv2] [D] [thread 160641] [2.0] [cxt 0] Parser 'parser': start
[17:45:03.404] [bmv2] [D] [thread 160641] [2.0] [cxt 0] Parser 'parser' entering state 'start'
[17:45:03.404] [bmv2] [D] [thread 160641] [2.0] [cxt 0] Extracting header 'ethernet'
[17:45:03.404] [bmv2] [D] [thread 160641] [2.0] [cxt 0] Parser state 'start': key is 86dd
[17:45:03.404] [bmv2] [T] [thread 160641] [2.0] [cxt 0] Bytes parsed: 14
[17:45:03.404] [bmv2] [D] [thread 160641] [2.0] [cxt 0] Parser 'parser': end
[17:45:03.404] [bmv2] [D] [thread 160641] [2.0] [cxt 0] Pipeline 'ingress': start
[17:45:03.404] [bmv2] [T] [thread 160641] [2.0] [cxt 0] /home/vboxuser/p4-utils/p4-learning/exercises/04-MPLS/thrift/mpls_stacked/solution/stacked.p4(245) Condition "hdr.ipv4.isValid()" (node_2) is false
[17:45:03.404] [bmv2] [T] [thread 160641] [2.0] [cxt 0] /home/vboxuser/p4-utils/p4-learning/exercises/04-MPLS/thrift/mpls_stacked/solution/stacked.p4(253) Condition "hdr.mpls[0].isValid()" (node_5) is false
[17:45:03.405] [bmv2] [D] [thread 160641] [2.0] [cxt 0] Pipeline 'ingress': end
[17:45:03.405] [bmv2] [D] [thread 160641] [2.0] [cxt 0] Egress port is 0
[17:45:03.405] [bmv2] [D] [thread 160642] [2.0] [cxt 0] Pipeline 'egress': start
[17:45:03.405] [bmv2] [D] [thread 160642] [2.0] [cxt 0] Pipeline 'egress': end
[17:45:03.405] [bmv2] [D] [thread 160642] [2.0] [cxt 0] Deparser 'deparser': start
[17:45:03.405] [bmv2] [T] [thread 160642] [2.0] [cxt 0] Skipping checksum 'cksum' update because condition not met
[17:45:03.405] [bmv2] [D] [thread 160642] [2.0] [cxt 0] Deparsing header 'ethernet'
[17:45:03.405] [bmv2] [D] [thread 160642] [2.0] [cxt 0] Deparser 'deparser': end
[17:45:03.405] [bmv2] [D] [thread 160646] [2.0] [cxt 0] Transmitting packet of size 221 out of port 0
[17:45:03.645] [bmv2] [D] [thread 160641] [3.0] [cxt 0] Processing packet received on port 2
[17:45:03.645] [bmv2] [D] [thread 160641] [3.0] [cxt 0] Parser 'parser': start
[17:45:03.645] [bmv2] [D] [thread 160641] [3.0] [cxt 0] Parser 'parser' entering state 'start'
[17:45:03.646] [bmv2] [D] [thread 160641] [3.0] [cxt 0] Extracting header 'ethernet'
[17:45:03.646] [bmv2] [D] [thread 160641] [3.0] [cxt 0] Parser state 'start': key is 86dd
[17:45:03.646] [bmv2] [T] [thread 160641] [3.0] [cxt 0] Bytes parsed: 14
[17:45:03.646] [bmv2] [D] [thread 160641] [3.0] [cxt 0] Parser 'parser': end
[17:45:03.646] [bmv2] [D] [thread 160641] [3.0] [cxt 0] Pipeline 'ingress': start
[17:45:03.646] [bmv2] [T] [thread 160641] [3.0] [cxt 0] /home/vboxuser/p4-utils/p4-learning/exercises/04-MPLS/thrift/mpls_stacked/solution/stacked.p4(245) Condition "hdr.ipv4.isValid()" (node_2) is false
[17:45:03.646] [bmv2] [T] [thread 160641] [3.0] [cxt 0] /home/vboxuser/p4-utils/p4-learning/exercises/04-MPLS/thrift/mpls_stacked/solution/stacked.p4(253) Condition "hdr.mpls[0].isValid()" (node_5) is false
[17:45:03.646] [bmv2] [D] [thread 160641] [3.0] [cxt 0] Pipeline 'ingress': end
[17:45:03.646] [bmv2] [D] [thread 160641] [3.0] [cxt 0] Egress port is 0
[17:45:03.646] [bmv2] [D] [thread 160642] [3.0] [cxt 0] Pipeline 'egress': start
[17:45:03.646] [bmv2] [D] [thread 160642] [3.0] [cxt 0] Pipeline 'egress': end
[17:45:03.646] [bmv2] [D] [thread 160642] [3.0] [cxt 0] Deparser 'deparser': start
[17:45:03.646] [bmv2] [T] [thread 160642] [3.0] [cxt 0] Skipping checksum 'cksum' update because condition not met
[17:45:03.646] [bmv2] [D] [thread 160642] [3.0] [cxt 0] Deparsing header 'ethernet'
[17:45:03.646] [bmv2] [D] [thread 160642] [3.0] [cxt 0] Deparser 'deparser': end
[17:45:03.646] [bmv2] [D] [thread 160646] [3.0] [cxt 0] Transmitting packet of size 221 out of port 0
[17:45:03.849] [bmv2] [D] [thread 160641] [4.0] [cxt 0] Processing packet received on port 3
[17:45:03.849] [bmv2] [D] [thread 160641] [4.0] [cxt 0] Parser 'parser': start
[17:45:03.849] [bmv2] [D] [thread 160641] [4.0] [cxt 0] Parser 'parser' entering state 'start'
[17:45:03.849] [bmv2] [D] [thread 160641] [4.0] [cxt 0] Extracting header 'ethernet'
[17:45:03.849] [bmv2] [D] [thread 160641] [4.0] [cxt 0] Parser state 'start': key is 86dd
[17:45:03.849] [bmv2] [T] [thread 160641] [4.0] [cxt 0] Bytes parsed: 14
[17:45:03.849] [bmv2] [D] [thread 160641] [4.0] [cxt 0] Parser 'parser': end
[17:45:03.849] [bmv2] [D] [thread 160641] [4.0] [cxt 0] Pipeline 'ingress': start
[17:45:03.849] [bmv2] [T] [thread 160641] [4.0] [cxt 0] /home/vboxuser/p4-utils/p4-learning/exercises/04-MPLS/thrift/mpls_stacked/solution/stacked.p4(245) Condition "hdr.ipv4.isValid()" (node_2) is false
[17:45:03.849] [bmv2] [T] [thread 160641] [4.0] [cxt 0] /home/vboxuser/p4-utils/p4-learning/exercises/04-MPLS/thrift/mpls_stacked/solution/stacked.p4(253) Condition "hdr.mpls[0].isValid()" (node_5) is false
[17:45:03.849] [bmv2] [D] [thread 160641] [4.0] [cxt 0] Pipeline 'ingress': end
[17:45:03.849] [bmv2] [D] [thread 160641] [4.0] [cxt 0] Egress port is 0
[17:45:03.849] [bmv2] [D] [thread 160642] [4.0] [cxt 0] Pipeline 'egress': start
[17:45:03.849] [bmv2] [D] [thread 160642] [4.0] [cxt 0] Pipeline 'egress': end
[17:45:03.849] [bmv2] [D] [thread 160642] [4.0] [cxt 0] Deparser 'deparser': start
[17:45:03.849] [bmv2] [T] [thread 160642] [4.0] [cxt 0] Skipping checksum 'cksum' update because condition not met
[17:45:03.849] [bmv2] [D] [thread 160642] [4.0] [cxt 0] Deparsing header 'ethernet'
[17:45:03.849] [bmv2] [D] [thread 160642] [4.0] [cxt 0] Deparser 'deparser': end
[17:45:03.849] [bmv2] [D] [thread 160646] [4.0] [cxt 0] Transmitting packet of size 221 out of port 0
[17:45:04.140] [bmv2] [D] [thread 160641] [5.0] [cxt 0] Processing packet received on port 4
[17:45:04.140] [bmv2] [D] [thread 160641] [5.0] [cxt 0] Parser 'parser': start
[17:45:04.140] [bmv2] [D] [thread 160641] [5.0] [cxt 0] Parser 'parser' entering state 'start'
[17:45:04.140] [bmv2] [D] [thread 160641] [5.0] [cxt 0] Extracting header 'ethernet'
[17:45:04.140] [bmv2] [D] [thread 160641] [5.0] [cxt 0] Parser state 'start': key is 86dd
[17:45:04.140] [bmv2] [T] [thread 160641] [5.0] [cxt 0] Bytes parsed: 14
[17:45:04.140] [bmv2] [D] [thread 160641] [5.0] [cxt 0] Parser 'parser': end
[17:45:04.140] [bmv2] [D] [thread 160641] [5.0] [cxt 0] Pipeline 'ingress': start
[17:45:04.140] [bmv2] [T] [thread 160641] [5.0] [cxt 0] /home/vboxuser/p4-utils/p4-learning/exercises/04-MPLS/thrift/mpls_stacked/solution/stacked.p4(245) Condition "hdr.ipv4.isValid()" (node_2) is false
[17:45:04.140] [bmv2] [T] [thread 160641] [5.0] [cxt 0] /home/vboxuser/p4-utils/p4-learning/exercises/04-MPLS/thrift/mpls_stacked/solution/stacked.p4(253) Condition "hdr.mpls[0].isValid()" (node_5) is false
[17:45:04.140] [bmv2] [D] [thread 160641] [5.0] [cxt 0] Pipeline 'ingress': end
[17:45:04.140] [bmv2] [D] [thread 160641] [5.0] [cxt 0] Egress port is 0
[17:45:04.140] [bmv2] [D] [thread 160642] [5.0] [cxt 0] Pipeline 'egress': start
[17:45:04.140] [bmv2] [D] [thread 160642] [5.0] [cxt 0] Pipeline 'egress': end
[17:45:04.140] [bmv2] [D] [thread 160642] [5.0] [cxt 0] Deparser 'deparser': start
[17:45:04.140] [bmv2] [T] [thread 160642] [5.0] [cxt 0] Skipping checksum 'cksum' update because condition not met
[17:45:04.140] [bmv2] [D] [thread 160642] [5.0] [cxt 0] Deparsing header 'ethernet'
[17:45:04.140] [bmv2] [D] [thread 160642] [5.0] [cxt 0] Deparser 'deparser': end
[17:45:04.140] [bmv2] [D] [thread 160646] [5.0] [cxt 0] Transmitting packet of size 70 out of port 0
[17:45:04.243] [bmv2] [D] [thread 160641] [6.0] [cxt 0] Processing packet received on port 2
[17:45:04.243] [bmv2] [D] [thread 160641] [6.0] [cxt 0] Parser 'parser': start
[17:45:04.243] [bmv2] [D] [thread 160641] [6.0] [cxt 0] Parser 'parser' entering state 'start'
[17:45:04.243] [bmv2] [D] [thread 160641] [6.0] [cxt 0] Extracting header 'ethernet'
[17:45:04.243] [bmv2] [D] [thread 160641] [6.0] [cxt 0] Parser state 'start': key is 86dd
[17:45:04.243] [bmv2] [T] [thread 160641] [6.0] [cxt 0] Bytes parsed: 14
[17:45:04.243] [bmv2] [D] [thread 160641] [6.0] [cxt 0] Parser 'parser': end
[17:45:04.244] [bmv2] [D] [thread 160641] [6.0] [cxt 0] Pipeline 'ingress': start
[17:45:04.244] [bmv2] [T] [thread 160641] [6.0] [cxt 0] /home/vboxuser/p4-utils/p4-learning/exercises/04-MPLS/thrift/mpls_stacked/solution/stacked.p4(245) Condition "hdr.ipv4.isValid()" (node_2) is false
[17:45:04.244] [bmv2] [T] [thread 160641] [6.0] [cxt 0] /home/vboxuser/p4-utils/p4-learning/exercises/04-MPLS/thrift/mpls_stacked/solution/stacked.p4(253) Condition "hdr.mpls[0].isValid()" (node_5) is false
[17:45:04.244] [bmv2] [D] [thread 160641] [6.0] [cxt 0] Pipeline 'ingress': end
[17:45:04.244] [bmv2] [D] [thread 160641] [6.0] [cxt 0] Egress port is 0
[17:45:04.244] [bmv2] [D] [thread 160642] [6.0] [cxt 0] Pipeline 'egress': start
[17:45:04.244] [bmv2] [D] [thread 160642] [6.0] [cxt 0] Pipeline 'egress': end
[17:45:04.244] [bmv2] [D] [thread 160642] [6.0] [cxt 0] Deparser 'deparser': start
[17:45:04.244] [bmv2] [T] [thread 160642] [6.0] [cxt 0] Skipping checksum 'cksum' update because condition not met
[17:45:04.244] [bmv2] [D] [thread 160642] [6.0] [cxt 0] Deparsing header 'ethernet'
[17:45:04.244] [bmv2] [D] [thread 160642] [6.0] [cxt 0] Deparser 'deparser': end
[17:45:04.244] [bmv2] [D] [thread 160646] [6.0] [cxt 0] Transmitting packet of size 221 out of port 0
[17:45:04.395] [bmv2] [D] [thread 160641] [7.0] [cxt 0] Processing packet received on port 1
[17:45:04.395] [bmv2] [D] [thread 160641] [7.0] [cxt 0] Parser 'parser': start
[17:45:04.395] [bmv2] [D] [thread 160641] [7.0] [cxt 0] Parser 'parser' entering state 'start'
[17:45:04.395] [bmv2] [D] [thread 160641] [7.0] [cxt 0] Extracting header 'ethernet'
[17:45:04.395] [bmv2] [D] [thread 160641] [7.0] [cxt 0] Parser state 'start': key is 86dd
[17:45:04.395] [bmv2] [T] [thread 160641] [7.0] [cxt 0] Bytes parsed: 14
[17:45:04.395] [bmv2] [D] [thread 160641] [7.0] [cxt 0] Parser 'parser': end
[17:45:04.395] [bmv2] [D] [thread 160641] [7.0] [cxt 0] Pipeline 'ingress': start
[17:45:04.395] [bmv2] [T] [thread 160641] [7.0] [cxt 0] /home/vboxuser/p4-utils/p4-learning/exercises/04-MPLS/thrift/mpls_stacked/solution/stacked.p4(245) Condition "hdr.ipv4.isValid()" (node_2) is false
[17:45:04.395] [bmv2] [T] [thread 160641] [7.0] [cxt 0] /home/vboxuser/p4-utils/p4-learning/exercises/04-MPLS/thrift/mpls_stacked/solution/stacked.p4(253) Condition "hdr.mpls[0].isValid()" (node_5) is false
[17:45:04.395] [bmv2] [D] [thread 160641] [7.0] [cxt 0] Pipeline 'ingress': end
[17:45:04.395] [bmv2] [D] [thread 160641] [7.0] [cxt 0] Egress port is 0
[17:45:04.395] [bmv2] [D] [thread 160642] [7.0] [cxt 0] Pipeline 'egress': start
[17:45:04.395] [bmv2] [D] [thread 160642] [7.0] [cxt 0] Pipeline 'egress': end
[17:45:04.395] [bmv2] [D] [thread 160642] [7.0] [cxt 0] Deparser 'deparser': start
[17:45:04.395] [bmv2] [T] [thread 160642] [7.0] [cxt 0] Skipping checksum 'cksum' update because condition not met
[17:45:04.395] [bmv2] [D] [thread 160642] [7.0] [cxt 0] Deparsing header 'ethernet'
[17:45:04.395] [bmv2] [D] [thread 160642] [7.0] [cxt 0] Deparser 'deparser': end
[17:45:04.395] [bmv2] [D] [thread 160646] [7.0] [cxt 0] Transmitting packet of size 70 out of port 0
[17:45:04.398] [bmv2] [D] [thread 160641] [8.0] [cxt 0] Processing packet received on port 2
[17:45:04.398] [bmv2] [D] [thread 160641] [8.0] [cxt 0] Parser 'parser': start
[17:45:04.398] [bmv2] [D] [thread 160641] [8.0] [cxt 0] Parser 'parser' entering state 'start'
[17:45:04.398] [bmv2] [D] [thread 160641] [8.0] [cxt 0] Extracting header 'ethernet'
[17:45:04.398] [bmv2] [D] [thread 160641] [8.0] [cxt 0] Parser state 'start': key is 86dd
[17:45:04.398] [bmv2] [T] [thread 160641] [8.0] [cxt 0] Bytes parsed: 14
[17:45:04.398] [bmv2] [D] [thread 160641] [8.0] [cxt 0] Parser 'parser': end
[17:45:04.398] [bmv2] [D] [thread 160641] [8.0] [cxt 0] Pipeline 'ingress': start
[17:45:04.398] [bmv2] [T] [thread 160641] [8.0] [cxt 0] /home/vboxuser/p4-utils/p4-learning/exercises/04-MPLS/thrift/mpls_stacked/solution/stacked.p4(245) Condition "hdr.ipv4.isValid()" (node_2) is false
[17:45:04.398] [bmv2] [T] [thread 160641] [8.0] [cxt 0] /home/vboxuser/p4-utils/p4-learning/exercises/04-MPLS/thrift/mpls_stacked/solution/stacked.p4(253) Condition "hdr.mpls[0].isValid()" (node_5) is false
[17:45:04.398] [bmv2] [D] [thread 160641] [8.0] [cxt 0] Pipeline 'ingress': end
[17:45:04.398] [bmv2] [D] [thread 160641] [8.0] [cxt 0] Egress port is 0
[17:45:04.398] [bmv2] [D] [thread 160642] [8.0] [cxt 0] Pipeline 'egress': start
[17:45:04.398] [bmv2] [D] [thread 160642] [8.0] [cxt 0] Pipeline 'egress': end
[17:45:04.398] [bmv2] [D] [thread 160642] [8.0] [cxt 0] Deparser 'deparser': start
[17:45:04.398] [bmv2] [T] [thread 160642] [8.0] [cxt 0] Skipping checksum 'cksum' update because condition not met
[17:45:04.398] [bmv2] [D] [thread 160642] [8.0] [cxt 0] Deparsing header 'ethernet'
[17:45:04.398] [bmv2] [D] [thread 160642] [8.0] [cxt 0] Deparser 'deparser': end
[17:45:04.398] [bmv2] [D] [thread 160646] [8.0] [cxt 0] Transmitting packet of size 70 out of port 0
[17:45:04.514] [bmv2] [D] [thread 160641] [9.0] [cxt 0] Processing packet received on port 1
[17:45:04.514] [bmv2] [D] [thread 160641] [9.0] [cxt 0] Parser 'parser': start
[17:45:04.514] [bmv2] [D] [thread 160641] [9.0] [cxt 0] Parser 'parser' entering state 'start'
[17:45:04.514] [bmv2] [D] [thread 160641] [9.0] [cxt 0] Extracting header 'ethernet'
[17:45:04.514] [bmv2] [D] [thread 160641] [9.0] [cxt 0] Parser state 'start': key is 86dd
[17:45:04.514] [bmv2] [T] [thread 160641] [9.0] [cxt 0] Bytes parsed: 14
[17:45:04.514] [bmv2] [D] [thread 160641] [9.0] [cxt 0] Parser 'parser': end
[17:45:04.514] [bmv2] [D] [thread 160641] [9.0] [cxt 0] Pipeline 'ingress': start
[17:45:04.514] [bmv2] [T] [thread 160641] [9.0] [cxt 0] /home/vboxuser/p4-utils/p4-learning/exercises/04-MPLS/thrift/mpls_stacked/solution/stacked.p4(245) Condition "hdr.ipv4.isValid()" (node_2) is false
[17:45:04.514] [bmv2] [T] [thread 160641] [9.0] [cxt 0] /home/vboxuser/p4-utils/p4-learning/exercises/04-MPLS/thrift/mpls_stacked/solution/stacked.p4(253) Condition "hdr.mpls[0].isValid()" (node_5) is false
[17:45:04.514] [bmv2] [D] [thread 160641] [9.0] [cxt 0] Pipeline 'ingress': end
[17:45:04.514] [bmv2] [D] [thread 160641] [9.0] [cxt 0] Egress port is 0
[17:45:04.514] [bmv2] [D] [thread 160642] [9.0] [cxt 0] Pipeline 'egress': start
[17:45:04.514] [bmv2] [D] [thread 160642] [9.0] [cxt 0] Pipeline 'egress': end
[17:45:04.514] [bmv2] [D] [thread 160642] [9.0] [cxt 0] Deparser 'deparser': start
[17:45:04.514] [bmv2] [T] [thread 160642] [9.0] [cxt 0] Skipping checksum 'cksum' update because condition not met
[17:45:04.514] [bmv2] [D] [thread 160642] [9.0] [cxt 0] Deparsing header 'ethernet'
[17:45:04.514] [bmv2] [D] [thread 160642] [9.0] [cxt 0] Deparser 'deparser': end
[17:45:04.514] [bmv2] [D] [thread 160646] [9.0] [cxt 0] Transmitting packet of size 205 out of port 0
[17:45:04.578] [bmv2] [D] [thread 160641] [10.0] [cxt 0] Processing packet received on port 4
[17:45:04.578] [bmv2] [D] [thread 160641] [10.0] [cxt 0] Parser 'parser': start
[17:45:04.578] [bmv2] [D] [thread 160641] [10.0] [cxt 0] Parser 'parser' entering state 'start'
[17:45:04.578] [bmv2] [D] [thread 160641] [10.0] [cxt 0] Extracting header 'ethernet'
[17:45:04.578] [bmv2] [D] [thread 160641] [10.0] [cxt 0] Parser state 'start': key is 86dd
[17:45:04.578] [bmv2] [T] [thread 160641] [10.0] [cxt 0] Bytes parsed: 14
[17:45:04.578] [bmv2] [D] [thread 160641] [10.0] [cxt 0] Parser 'parser': end
[17:45:04.578] [bmv2] [D] [thread 160641] [10.0] [cxt 0] Pipeline 'ingress': start
[17:45:04.578] [bmv2] [T] [thread 160641] [10.0] [cxt 0] /home/vboxuser/p4-utils/p4-learning/exercises/04-MPLS/thrift/mpls_stacked/solution/stacked.p4(245) Condition "hdr.ipv4.isValid()" (node_2) is false
[17:45:04.578] [bmv2] [T] [thread 160641] [10.0] [cxt 0] /home/vboxuser/p4-utils/p4-learning/exercises/04-MPLS/thrift/mpls_stacked/solution/stacked.p4(253) Condition "hdr.mpls[0].isValid()" (node_5) is false
[17:45:04.578] [bmv2] [D] [thread 160641] [10.0] [cxt 0] Pipeline 'ingress': end
[17:45:04.578] [bmv2] [D] [thread 160641] [10.0] [cxt 0] Egress port is 0
[17:45:04.578] [bmv2] [D] [thread 160642] [10.0] [cxt 0] Pipeline 'egress': start
[17:45:04.578] [bmv2] [D] [thread 160642] [10.0] [cxt 0] Pipeline 'egress': end
[17:45:04.578] [bmv2] [D] [thread 160642] [10.0] [cxt 0] Deparser 'deparser': start
[17:45:04.578] [bmv2] [T] [thread 160642] [10.0] [cxt 0] Skipping checksum 'cksum' update because condition not met
[17:45:04.578] [bmv2] [D] [thread 160642] [10.0] [cxt 0] Deparsing header 'ethernet'
[17:45:04.578] [bmv2] [D] [thread 160642] [10.0] [cxt 0] Deparser 'deparser': end
[17:45:04.578] [bmv2] [D] [thread 160646] [10.0] [cxt 0] Transmitting packet of size 205 out of port 0
[17:45:04.611] [bmv2] [D] [thread 160641] [11.0] [cxt 0] Processing packet received on port 1
[17:45:04.611] [bmv2] [D] [thread 160641] [11.0] [cxt 0] Parser 'parser': start
[17:45:04.611] [bmv2] [D] [thread 160641] [11.0] [cxt 0] Parser 'parser' entering state 'start'
[17:45:04.611] [bmv2] [D] [thread 160641] [11.0] [cxt 0] Extracting header 'ethernet'
[17:45:04.611] [bmv2] [D] [thread 160641] [11.0] [cxt 0] Parser state 'start': key is 86dd
[17:45:04.611] [bmv2] [T] [thread 160641] [11.0] [cxt 0] Bytes parsed: 14
[17:45:04.611] [bmv2] [D] [thread 160641] [11.0] [cxt 0] Parser 'parser': end
[17:45:04.611] [bmv2] [D] [thread 160641] [11.0] [cxt 0] Pipeline 'ingress': start
[17:45:04.611] [bmv2] [T] [thread 160641] [11.0] [cxt 0] /home/vboxuser/p4-utils/p4-learning/exercises/04-MPLS/thrift/mpls_stacked/solution/stacked.p4(245) Condition "hdr.ipv4.isValid()" (node_2) is false
[17:45:04.611] [bmv2] [T] [thread 160641] [11.0] [cxt 0] /home/vboxuser/p4-utils/p4-learning/exercises/04-MPLS/thrift/mpls_stacked/solution/stacked.p4(253) Condition "hdr.mpls[0].isValid()" (node_5) is false
[17:45:04.611] [bmv2] [D] [thread 160641] [11.0] [cxt 0] Pipeline 'ingress': end
[17:45:04.611] [bmv2] [D] [thread 160641] [11.0] [cxt 0] Egress port is 0
[17:45:04.611] [bmv2] [D] [thread 160642] [11.0] [cxt 0] Pipeline 'egress': start
[17:45:04.611] [bmv2] [D] [thread 160642] [11.0] [cxt 0] Pipeline 'egress': end
[17:45:04.611] [bmv2] [D] [thread 160642] [11.0] [cxt 0] Deparser 'deparser': start
[17:45:04.611] [bmv2] [T] [thread 160642] [11.0] [cxt 0] Skipping checksum 'cksum' update because condition not met
[17:45:04.611] [bmv2] [D] [thread 160642] [11.0] [cxt 0] Deparsing header 'ethernet'
[17:45:04.611] [bmv2] [D] [thread 160642] [11.0] [cxt 0] Deparser 'deparser': end
[17:45:04.612] [bmv2] [D] [thread 160646] [11.0] [cxt 0] Transmitting packet of size 205 out of port 0
[17:45:04.806] [bmv2] [D] [thread 160641] [12.0] [cxt 0] Processing packet received on port 2
[17:45:04.806] [bmv2] [D] [thread 160641] [12.0] [cxt 0] Parser 'parser': start
[17:45:04.806] [bmv2] [D] [thread 160641] [12.0] [cxt 0] Parser 'parser' entering state 'start'
[17:45:04.806] [bmv2] [D] [thread 160641] [12.0] [cxt 0] Extracting header 'ethernet'
[17:45:04.806] [bmv2] [D] [thread 160641] [12.0] [cxt 0] Parser state 'start': key is 86dd
[17:45:04.806] [bmv2] [T] [thread 160641] [12.0] [cxt 0] Bytes parsed: 14
[17:45:04.806] [bmv2] [D] [thread 160641] [12.0] [cxt 0] Parser 'parser': end
[17:45:04.806] [bmv2] [D] [thread 160641] [12.0] [cxt 0] Pipeline 'ingress': start
[17:45:04.806] [bmv2] [T] [thread 160641] [12.0] [cxt 0] /home/vboxuser/p4-utils/p4-learning/exercises/04-MPLS/thrift/mpls_stacked/solution/stacked.p4(245) Condition "hdr.ipv4.isValid()" (node_2) is false
[17:45:04.806] [bmv2] [T] [thread 160641] [12.0] [cxt 0] /home/vboxuser/p4-utils/p4-learning/exercises/04-MPLS/thrift/mpls_stacked/solution/stacked.p4(253) Condition "hdr.mpls[0].isValid()" (node_5) is false
[17:45:04.806] [bmv2] [D] [thread 160641] [12.0] [cxt 0] Pipeline 'ingress': end
[17:45:04.806] [bmv2] [D] [thread 160641] [12.0] [cxt 0] Egress port is 0
[17:45:04.806] [bmv2] [D] [thread 160642] [12.0] [cxt 0] Pipeline 'egress': start
[17:45:04.806] [bmv2] [D] [thread 160642] [12.0] [cxt 0] Pipeline 'egress': end
[17:45:04.806] [bmv2] [D] [thread 160642] [12.0] [cxt 0] Deparser 'deparser': start
[17:45:04.806] [bmv2] [T] [thread 160642] [12.0] [cxt 0] Skipping checksum 'cksum' update because condition not met
[17:45:04.806] [bmv2] [D] [thread 160642] [12.0] [cxt 0] Deparsing header 'ethernet'
[17:45:04.806] [bmv2] [D] [thread 160642] [12.0] [cxt 0] Deparser 'deparser': end
[17:45:04.810] [bmv2] [D] [thread 160646] [12.0] [cxt 0] Transmitting packet of size 205 out of port 0
[17:45:05.016] [bmv2] [D] [thread 160641] [13.0] [cxt 0] Processing packet received on port 3
[17:45:05.016] [bmv2] [D] [thread 160641] [13.0] [cxt 0] Parser 'parser': start
[17:45:05.016] [bmv2] [D] [thread 160641] [13.0] [cxt 0] Parser 'parser' entering state 'start'
[17:45:05.016] [bmv2] [D] [thread 160641] [13.0] [cxt 0] Extracting header 'ethernet'
[17:45:05.016] [bmv2] [D] [thread 160641] [13.0] [cxt 0] Parser state 'start': key is 86dd
[17:45:05.016] [bmv2] [T] [thread 160641] [13.0] [cxt 0] Bytes parsed: 14
[17:45:05.016] [bmv2] [D] [thread 160641] [13.0] [cxt 0] Parser 'parser': end
[17:45:05.016] [bmv2] [D] [thread 160641] [13.0] [cxt 0] Pipeline 'ingress': start
[17:45:05.016] [bmv2] [T] [thread 160641] [13.0] [cxt 0] /home/vboxuser/p4-utils/p4-learning/exercises/04-MPLS/thrift/mpls_stacked/solution/stacked.p4(245) Condition "hdr.ipv4.isValid()" (node_2) is false
[17:45:05.016] [bmv2] [T] [thread 160641] [13.0] [cxt 0] /home/vboxuser/p4-utils/p4-learning/exercises/04-MPLS/thrift/mpls_stacked/solution/stacked.p4(253) Condition "hdr.mpls[0].isValid()" (node_5) is false
[17:45:05.016] [bmv2] [D] [thread 160641] [13.0] [cxt 0] Pipeline 'ingress': end
[17:45:05.016] [bmv2] [D] [thread 160641] [13.0] [cxt 0] Egress port is 0
[17:45:05.016] [bmv2] [D] [thread 160642] [13.0] [cxt 0] Pipeline 'egress': start
[17:45:05.016] [bmv2] [D] [thread 160642] [13.0] [cxt 0] Pipeline 'egress': end
[17:45:05.016] [bmv2] [D] [thread 160642] [13.0] [cxt 0] Deparser 'deparser': start
[17:45:05.016] [bmv2] [T] [thread 160642] [13.0] [cxt 0] Skipping checksum 'cksum' update because condition not met
[17:45:05.016] [bmv2] [D] [thread 160642] [13.0] [cxt 0] Deparsing header 'ethernet'
[17:45:05.016] [bmv2] [D] [thread 160642] [13.0] [cxt 0] Deparser 'deparser': end
[17:45:05.016] [bmv2] [D] [thread 160646] [13.0] [cxt 0] Transmitting packet of size 205 out of port 0
[17:45:08.518] [bmv2] [T] [thread 160771] bm_get_config
[17:45:08.525] [bmv2] [T] [thread 160771] bm_table_add_entry
[17:45:08.525] [bmv2] [D] [thread 160771] Entry 0 added to table 'MyIngress.mpls_tbl'
[17:45:08.525] [bmv2] [D] [thread 160771] Dumping entry 0
Match key:
* hdr.mpls[0].label   : EXACT     000002
* hdr.mpls[0].s       : EXACT     00
Action entry: MyIngress.mpls_forward - 60200,2,

open: No such file or directory
open: No such file or directory
open: No such file or directory
open: No such file or directory
open: No such file or directory
open: No such file or directory
open: No such file or directory
open: No such file or directory
open: No such file or directory
open: No such file or directory
open: No such file or directory
open: No such file or directory
open: No such file or directory
open: No such file or directory
open: No such file or directory
open: No such file or directory
open: No such file or directory
open: No such file or directory
open: No such file or directory
open: No such file or directory
open: No such file or directory
open: No such file or directory
open: No such file or directory
open: No such file or directory
open: No such file or directory
open: No such file or directory
open: No such file or directory
open: No such file or directory
open: No such file or directory
open: No such file or directory
open: No such file or directory
open: No such file or directory
open: No such file or directory
open: No such file or directory
open: No such file or directory
open: No such file or directory
open: No such file or directory
open: No such file or directory
open: No such file or directory
open: No such file or directory
open: No such file or directory
open: No such file or directory
